2024-10-07 19:12:26,569 [INFO] Activator:176 - 


2024-10-07 19:12:26,580 [INFO] Activator:177 - !SESSION log4j initialized
2024-10-07 19:12:38,582 [INFO] LogOutputStream:77 - [STDOUT_REDIRECT] 
2024-10-07 19:12:45,693 [INFO] ApplicationProperties:184 - Using Application install path: D:\STM32\STM32CubeIDE_1.16.0\STM32CubeIDE\plugins\com.st.stm32cube.common.mx_6.12.0.202406281431
2024-10-07 19:12:45,740 [INFO] DbMcusXml:78 - Set database path to: D:\STM32\STM32CubeIDE_1.16.0\STM32CubeIDE\plugins\com.st.stm32cube.common.mx_6.12.0.202406281431\\db\/mcu/
2024-10-07 19:12:45,740 [INFO] ApiDb:274 - Set plugin database path to: D:\STM32\STM32CubeIDE_1.16.0\STM32CubeIDE\plugins\com.st.stm32cube.common.mx_6.12.0.202406281431\\db\/plugins/boardmanager/
2024-10-07 19:12:45,742 [WARN] ApiDb:259 - Overriding images path with different value:  => D:\STM32\STM32CubeIDE_1.16.0\STM32CubeIDE\plugins\com.st.stm32cube.common.mx_6.12.0.202406281431\\db\/plugins/mcufinder/images/
2024-10-07 19:12:45,759 [INFO] ApiDb:250 - Set database path to: C:\Users\Asus\.stmcufinder\plugins\mcufinder//mcu/
2024-10-07 19:12:45,761 [INFO] DbMcusAds:125 - Set database path to: C:\Users\Asus\.stmcufinder\plugins\mcufinder//mcu/
2024-10-07 19:12:45,767 [INFO] CrossReferenceDbSqlite:203 - Set database path to: C:\Users\Asus\.stmcufinder\plugins\mcufinder//mcu/cs/
2024-10-07 19:12:46,059 [INFO] RulesReader:64 - Compatibility file has been processed (297 Rules)
2024-10-07 19:12:46,279 [INFO] DbMcusXml:78 - Set database path to: D:\STM32\STM32CubeIDE_1.16.0\STM32CubeIDE\plugins\com.st.stm32cube.common.mx_6.12.0.202406281431\\db\/mcu/
2024-10-07 19:12:46,279 [INFO] ApiDb:274 - Set plugin database path to: D:\STM32\STM32CubeIDE_1.16.0\STM32CubeIDE\plugins\com.st.stm32cube.common.mx_6.12.0.202406281431\\db\/plugins/boardmanager/
2024-10-07 19:12:46,280 [INFO] ApiDb:261 - Set plugin images path to: D:\STM32\STM32CubeIDE_1.16.0\STM32CubeIDE\plugins\com.st.stm32cube.common.mx_6.12.0.202406281431\\db\/plugins/mcufinder/images/
2024-10-07 19:12:46,280 [WARN] DbFile:41 - Overriding database path with different value: C:\Users\Asus\.stmcufinder\plugins\mcufinder/ => C:\Users\Asus\.stmcufinder\plugins\mcufinder
2024-10-07 19:12:46,280 [INFO] ApiDb:250 - Set database path to: C:\Users\Asus\.stmcufinder\plugins\mcufinder//mcu/
2024-10-07 19:12:46,280 [WARN] DbFile:41 - Overriding database path with different value: C:\Users\Asus\.stmcufinder\plugins\mcufinder/ => C:\Users\Asus\.stmcufinder\plugins\mcufinder
2024-10-07 19:12:46,280 [INFO] DbMcusAds:125 - Set database path to: C:\Users\Asus\.stmcufinder\plugins\mcufinder//mcu/
2024-10-07 19:12:46,280 [WARN] DbFile:41 - Overriding database path with different value: C:\Users\Asus\.stmcufinder\plugins\mcufinder/ => C:\Users\Asus\.stmcufinder\plugins\mcufinder
2024-10-07 19:12:46,281 [WARN] DbFile:41 - Overriding database path with different value: C:\Users\Asus\.stmcufinder\plugins\mcufinder/ => C:\Users\Asus\.stmcufinder\plugins\mcufinder
2024-10-07 19:12:46,281 [INFO] CrossReferenceDbSqlite:203 - Set database path to: C:\Users\Asus\.stmcufinder\plugins\mcufinder//mcu/cs/
2024-10-07 19:12:46,530 [INFO] MainPanel:268 - HeapMemory: 268435456
2024-10-07 19:12:46,820 [INFO] DbMcusXml:78 - Set database path to: D:\STM32\STM32CubeIDE_1.16.0\STM32CubeIDE\plugins\com.st.stm32cube.common.mx_6.12.0.202406281431\\db\/mcu/
2024-10-07 19:12:46,821 [INFO] ApiDb:274 - Set plugin database path to: D:\STM32\STM32CubeIDE_1.16.0\STM32CubeIDE\plugins\com.st.stm32cube.common.mx_6.12.0.202406281431\\db\/plugins/boardmanager/
2024-10-07 19:12:46,821 [INFO] ApiDb:261 - Set plugin images path to: D:\STM32\STM32CubeIDE_1.16.0\STM32CubeIDE\plugins\com.st.stm32cube.common.mx_6.12.0.202406281431\\db\/plugins/mcufinder/images/
2024-10-07 19:12:46,822 [WARN] DbFile:41 - Overriding database path with different value: C:\Users\Asus\.stmcufinder\plugins\mcufinder/ => C:\Users\Asus\.stmcufinder\plugins\mcufinder
2024-10-07 19:12:46,822 [INFO] ApiDb:250 - Set database path to: C:\Users\Asus\.stmcufinder\plugins\mcufinder//mcu/
2024-10-07 19:12:46,822 [WARN] DbFile:41 - Overriding database path with different value: C:\Users\Asus\.stmcufinder\plugins\mcufinder/ => C:\Users\Asus\.stmcufinder\plugins\mcufinder
2024-10-07 19:12:46,822 [INFO] DbMcusAds:125 - Set database path to: C:\Users\Asus\.stmcufinder\plugins\mcufinder//mcu/
2024-10-07 19:12:46,822 [WARN] DbFile:41 - Overriding database path with different value: C:\Users\Asus\.stmcufinder\plugins\mcufinder/ => C:\Users\Asus\.stmcufinder\plugins\mcufinder
2024-10-07 19:12:46,823 [WARN] DbFile:41 - Overriding database path with different value: C:\Users\Asus\.stmcufinder\plugins\mcufinder/ => C:\Users\Asus\.stmcufinder\plugins\mcufinder
2024-10-07 19:12:46,823 [INFO] CrossReferenceDbSqlite:203 - Set database path to: C:\Users\Asus\.stmcufinder\plugins\mcufinder//mcu/cs/
2024-10-07 19:12:46,873 [INFO] ApplicationProperties:184 - Using Application install path: D:\STM32\STM32CubeIDE_1.16.0\STM32CubeIDE\plugins\com.st.stm32cube.common.mx_6.12.0.202406281431
2024-10-07 19:12:46,876 [INFO] PluginManage:196 - Search for loadable plugins [exclusion list=, ]
2024-10-07 19:12:46,880 [INFO] PluginManage:310 - Check plugin analytics
2024-10-07 19:12:52,466 [INFO] AnalyticsPlugin:253 - Accepted Software Licenses: 
2024-10-07 19:12:52,466 [INFO] AnalyticsPlugin:255 - Accepted CMSIS Pack Licenses: 
2024-10-07 19:12:52,467 [INFO] AnalyticsPlugin:257 - Accepted Firmware Licenses: 
2024-10-07 19:12:52,476 [INFO] PluginManage:359 - Loaded plugin analytics (category:tool,tabindex:-1)
2024-10-07 19:12:52,477 [INFO] PluginManage:310 - Check plugin cadmodel
2024-10-07 19:12:52,488 [INFO] CADModel:105 - Init CAD model plugin
2024-10-07 19:12:52,490 [INFO] PluginManage:359 - Loaded plugin cadmodel (category:power,tabindex:5)
2024-10-07 19:12:52,490 [INFO] PluginManage:310 - Check plugin clock
2024-10-07 19:12:52,509 [INFO] PluginManage:359 - Loaded plugin clock (category:base,tabindex:2)
2024-10-07 19:12:52,510 [INFO] PluginManage:310 - Check plugin ddr
2024-10-07 19:12:52,514 [INFO] PluginManage:359 - Loaded plugin ddr (category:tool,tabindex:6)
2024-10-07 19:12:52,514 [INFO] PluginManage:310 - Check plugin filemanager
2024-10-07 19:12:52,824 [INFO] PluginManage:359 - Loaded plugin filemanager (category:base,tabindex:10)
2024-10-07 19:12:52,825 [INFO] PluginManage:310 - Check plugin ipmanager
2024-10-07 19:12:52,842 [INFO] PluginManage:359 - Loaded plugin ipmanager (category:base,tabindex:5)
2024-10-07 19:12:52,843 [INFO] PluginManage:310 - Check plugin lpbam
2024-10-07 19:12:52,868 [INFO] PluginManage:359 - Loaded plugin lpbam (category:base,tabindex:0)
2024-10-07 19:12:52,868 [INFO] PluginManage:310 - Check plugin memorymap
2024-10-07 19:12:52,899 [INFO] PluginManage:359 - Loaded plugin memorymap (category:base,tabindex:4)
2024-10-07 19:12:52,899 [INFO] PluginManage:310 - Check plugin pinoutandconfiguration
2024-10-07 19:12:52,917 [INFO] PluginManage:359 - Loaded plugin pinoutandconfiguration (category:base,tabindex:1)
2024-10-07 19:12:52,917 [INFO] PluginManage:310 - Check plugin pinoutconfig
2024-10-07 19:12:53,108 [WARN] SupportedApi:132 - Cannot load RTOS API schema: s4s-elt-must-match.1: The content of 'definitions' must match (annotation?, (simpleType | complexType)?, (unique | key | keyref)*)). A problem was found starting at: attribute.
2024-10-07 19:12:53,415 [INFO] PluginManage:359 - Loaded plugin pinoutconfig (category:base,tabindex:0)
2024-10-07 19:12:53,415 [INFO] PluginManage:310 - Check plugin power
2024-10-07 19:12:53,436 [INFO] PluginManage:359 - Loaded plugin power (category:power,tabindex:4)
2024-10-07 19:12:53,436 [INFO] PluginManage:310 - Check plugin projectmanager
2024-10-07 19:12:53,473 [INFO] PluginManage:359 - Loaded plugin projectmanager (category:projectmanager,tabindex:4)
2024-10-07 19:12:53,474 [INFO] PluginManage:310 - Check plugin rif
2024-10-07 19:12:53,485 [INFO] PluginManage:359 - Loaded plugin rif (category:base,tabindex:3)
2024-10-07 19:12:53,485 [INFO] PluginManage:310 - Check plugin thirdparty
2024-10-07 19:12:53,777 [INFO] PluginManage:359 - Loaded plugin thirdparty (category:base,tabindex:-1)
2024-10-07 19:12:53,777 [WARN] IntegrityCheckThread:84 - waiting for thirdparty lock release [integrity check]
2024-10-07 19:12:53,778 [INFO] IntegrityCheckThread:86 - entering critical section [integrity check]
2024-10-07 19:12:53,778 [INFO] PluginManage:310 - Check plugin tools
2024-10-07 19:12:53,781 [INFO] ThirdPartyUpdaterWithRetryManager:70 - Updater plugin not ready yet. [1/15]
2024-10-07 19:12:53,785 [INFO] PluginManage:359 - Loaded plugin tools (category:base,tabindex:7)
2024-10-07 19:12:53,785 [INFO] PluginManage:310 - Check plugin tutovideos
2024-10-07 19:12:54,231 [INFO] PluginManage:359 - Loaded plugin tutovideos (category:base,tabindex:-1)
2024-10-07 19:12:54,231 [INFO] PluginManage:310 - Check plugin updater
2024-10-07 19:12:54,265 [INFO] PluginManage:359 - Loaded plugin updater (category:base,tabindex:12)
2024-10-07 19:12:54,266 [INFO] PluginManage:310 - Check plugin userauth
2024-10-07 19:12:54,281 [INFO] UserAuth:113 - Init User Auth plugin
2024-10-07 19:12:54,282 [INFO] PluginManage:359 - Loaded plugin userauth (category:base,tabindex:14)
2024-10-07 19:12:54,283 [INFO] PluginManage:283 - PluginManage : Loaded plugins [18]
2024-10-07 19:12:54,883 [INFO] PinOutPanel:1561 - setPackage(No Configuration,No Configuration)
2024-10-07 19:12:55,137 [INFO] CADModel:165 - CPN selected for project level
2024-10-07 19:12:55,138 [INFO] CADModel:114 - Register for checkConnection events
2024-10-07 19:12:55,188 [INFO] IPUIPlugin:80 - create IPUIPlugin
2024-10-07 19:12:55,189 [INFO] PluginManager:220 - loadIPPluginJar : add adc
2024-10-07 19:12:55,197 [INFO] IPUIPlugin:80 - create IPUIPlugin
2024-10-07 19:12:55,197 [INFO] PluginManager:220 - loadIPPluginJar : add aes
2024-10-07 19:12:55,205 [INFO] IPUIPlugin:80 - create IPUIPlugin
2024-10-07 19:12:55,205 [INFO] PluginManager:220 - loadIPPluginJar : add can
2024-10-07 19:12:55,211 [INFO] IPUIPlugin:80 - create IPUIPlugin
2024-10-07 19:12:55,211 [INFO] PluginManager:220 - loadIPPluginJar : add comp
2024-10-07 19:12:55,217 [INFO] IPUIPlugin:80 - create IPUIPlugin
2024-10-07 19:12:55,217 [INFO] PluginManager:220 - loadIPPluginJar : add cryp
2024-10-07 19:12:55,226 [INFO] IPUIPlugin:80 - create IPUIPlugin
2024-10-07 19:12:55,226 [INFO] PluginManager:220 - loadIPPluginJar : add ddr_ctrl_phy
2024-10-07 19:12:55,234 [INFO] IPUIPlugin:80 - create IPUIPlugin
2024-10-07 19:12:55,235 [INFO] PluginManager:220 - loadIPPluginJar : add dfsdm
2024-10-07 19:12:55,249 [INFO] IPUIPlugin:80 - create IPUIPlugin
2024-10-07 19:12:55,250 [INFO] PluginManager:220 - loadIPPluginJar : add dma
2024-10-07 19:12:55,258 [INFO] IPUIPlugin:80 - create IPUIPlugin
2024-10-07 19:12:55,258 [INFO] PluginManager:220 - loadIPPluginJar : add dma3
2024-10-07 19:12:55,266 [INFO] IPUIPlugin:80 - create IPUIPlugin
2024-10-07 19:12:55,266 [INFO] PluginManager:220 - loadIPPluginJar : add extmemmanager
2024-10-07 19:12:55,268 [INFO] IPUIPlugin:80 - create IPUIPlugin
2024-10-07 19:12:55,270 [INFO] PluginManager:220 - loadIPPluginJar : add fatfs
2024-10-07 19:12:55,280 [INFO] IPUIPlugin:80 - create IPUIPlugin
2024-10-07 19:12:55,281 [INFO] PluginManager:220 - loadIPPluginJar : add fmc
2024-10-07 19:12:55,298 [INFO] IPUIPlugin:80 - create IPUIPlugin
2024-10-07 19:12:55,298 [INFO] PluginManager:220 - loadIPPluginJar : add freertos
2024-10-07 19:12:55,303 [INFO] IPUIPlugin:80 - create IPUIPlugin
2024-10-07 19:12:55,304 [INFO] PluginManager:220 - loadIPPluginJar : add genericplugin
2024-10-07 19:12:55,312 [INFO] IPUIPlugin:80 - create IPUIPlugin
2024-10-07 19:12:55,312 [INFO] PluginManager:220 - loadIPPluginJar : add gfxmmu
2024-10-07 19:12:55,323 [INFO] IPUIPlugin:80 - create IPUIPlugin
2024-10-07 19:12:55,323 [INFO] PluginManager:220 - loadIPPluginJar : add gic
2024-10-07 19:12:55,337 [INFO] IPUIPlugin:80 - create IPUIPlugin
2024-10-07 19:12:55,338 [INFO] PluginManager:220 - loadIPPluginJar : add gpio
2024-10-07 19:12:55,348 [INFO] IPUIPlugin:80 - create IPUIPlugin
2024-10-07 19:12:55,348 [INFO] PluginManager:220 - loadIPPluginJar : add gtzc
2024-10-07 19:12:55,353 [INFO] IPUIPlugin:80 - create IPUIPlugin
2024-10-07 19:12:55,354 [INFO] PluginManager:220 - loadIPPluginJar : add hash
2024-10-07 19:12:55,360 [INFO] IPUIPlugin:80 - create IPUIPlugin
2024-10-07 19:12:55,360 [INFO] PluginManager:220 - loadIPPluginJar : add i2c
2024-10-07 19:12:55,367 [INFO] IPUIPlugin:80 - create IPUIPlugin
2024-10-07 19:12:55,367 [INFO] PluginManager:220 - loadIPPluginJar : add i2s
2024-10-07 19:12:55,372 [INFO] IPUIPlugin:80 - create IPUIPlugin
2024-10-07 19:12:55,373 [INFO] PluginManager:220 - loadIPPluginJar : add i3c
2024-10-07 19:12:55,378 [INFO] IPUIPlugin:80 - create IPUIPlugin
2024-10-07 19:12:55,378 [INFO] PluginManager:220 - loadIPPluginJar : add ipddr
2024-10-07 19:12:55,394 [INFO] IPUIPlugin:80 - create IPUIPlugin
2024-10-07 19:12:55,395 [INFO] PluginManager:220 - loadIPPluginJar : add linkedlist
2024-10-07 19:12:55,401 [INFO] IPUIPlugin:80 - create IPUIPlugin
2024-10-07 19:12:55,401 [INFO] PluginManager:220 - loadIPPluginJar : add lorawan
2024-10-07 19:12:55,405 [INFO] IPUIPlugin:80 - create IPUIPlugin
2024-10-07 19:12:55,406 [INFO] PluginManager:220 - loadIPPluginJar : add ltdc
2024-10-07 19:12:55,415 [INFO] IPUIPlugin:80 - create IPUIPlugin
2024-10-07 19:12:55,416 [INFO] PluginManager:220 - loadIPPluginJar : add mdma
2024-10-07 19:12:55,422 [INFO] IPUIPlugin:80 - create IPUIPlugin
2024-10-07 19:12:55,422 [INFO] PluginManager:220 - loadIPPluginJar : add nvic
2024-10-07 19:12:55,428 [INFO] IPUIPlugin:80 - create IPUIPlugin
2024-10-07 19:12:55,428 [INFO] PluginManager:220 - loadIPPluginJar : add opamp
2024-10-07 19:12:55,434 [INFO] IPUIPlugin:80 - create IPUIPlugin
2024-10-07 19:12:55,435 [INFO] PluginManager:220 - loadIPPluginJar : add openamp
2024-10-07 19:12:55,440 [INFO] IPUIPlugin:80 - create IPUIPlugin
2024-10-07 19:12:55,440 [INFO] PluginManager:220 - loadIPPluginJar : add pdm2pcm
2024-10-07 19:12:55,455 [INFO] IPUIPlugin:80 - create IPUIPlugin
2024-10-07 19:12:55,460 [INFO] PluginManager:220 - loadIPPluginJar : add plateformsettings
2024-10-07 19:12:55,465 [INFO] IPUIPlugin:80 - create IPUIPlugin
2024-10-07 19:12:55,465 [INFO] PluginManager:220 - loadIPPluginJar : add quadspi
2024-10-07 19:12:55,469 [INFO] IPUIPlugin:80 - create IPUIPlugin
2024-10-07 19:12:55,470 [INFO] PluginManager:220 - loadIPPluginJar : add radio
2024-10-07 19:12:55,476 [INFO] IPUIPlugin:80 - create IPUIPlugin
2024-10-07 19:12:55,476 [INFO] PluginManager:220 - loadIPPluginJar : add resmgrutility
2024-10-07 19:12:55,481 [INFO] IPUIPlugin:80 - create IPUIPlugin
2024-10-07 19:12:55,481 [INFO] PluginManager:220 - loadIPPluginJar : add sai
2024-10-07 19:12:55,488 [INFO] IPUIPlugin:80 - create IPUIPlugin
2024-10-07 19:12:55,488 [INFO] PluginManager:220 - loadIPPluginJar : add spi
2024-10-07 19:12:55,498 [INFO] IPUIPlugin:80 - create IPUIPlugin
2024-10-07 19:12:55,498 [INFO] PluginManager:220 - loadIPPluginJar : add stm32_wpan
2024-10-07 19:12:55,503 [INFO] IPUIPlugin:80 - create IPUIPlugin
2024-10-07 19:12:55,504 [INFO] PluginManager:220 - loadIPPluginJar : add tim
2024-10-07 19:12:55,510 [INFO] IPUIPlugin:80 - create IPUIPlugin
2024-10-07 19:12:55,510 [INFO] PluginManager:220 - loadIPPluginJar : add touchsensing
2024-10-07 19:12:55,515 [INFO] IPUIPlugin:80 - create IPUIPlugin
2024-10-07 19:12:55,515 [INFO] PluginManager:220 - loadIPPluginJar : add tracer_emb
2024-10-07 19:12:55,519 [INFO] IPUIPlugin:80 - create IPUIPlugin
2024-10-07 19:12:55,519 [INFO] PluginManager:220 - loadIPPluginJar : add ts
2024-10-07 19:12:55,522 [INFO] IPUIPlugin:80 - create IPUIPlugin
2024-10-07 19:12:55,523 [INFO] PluginManager:220 - loadIPPluginJar : add tsc
2024-10-07 19:12:55,527 [INFO] IPUIPlugin:80 - create IPUIPlugin
2024-10-07 19:12:55,527 [INFO] PluginManager:220 - loadIPPluginJar : add ucpd
2024-10-07 19:12:55,534 [INFO] IPUIPlugin:80 - create IPUIPlugin
2024-10-07 19:12:55,534 [INFO] PluginManager:220 - loadIPPluginJar : add usart
2024-10-07 19:12:55,538 [INFO] IPUIPlugin:80 - create IPUIPlugin
2024-10-07 19:12:55,538 [INFO] PluginManager:220 - loadIPPluginJar : add usbx
2024-10-07 19:12:55,734 [INFO] CADModel:165 - CPN selected for project level
2024-10-07 19:12:55,734 [INFO] CADModel:114 - Register for checkConnection events
2024-10-07 19:12:55,735 [FATAL] Updater:334 - Updater called before beeing initialized
2024-10-07 19:12:55,735 [ERROR] CADModel:125 - Updater not yet initialized, retry later 
2024-10-07 19:12:56,036 [INFO] CADModel:165 - CPN selected for project level
2024-10-07 19:12:56,038 [INFO] CADModel:114 - Register for checkConnection events
2024-10-07 19:12:56,038 [FATAL] Updater:334 - Updater called before beeing initialized
2024-10-07 19:12:56,038 [ERROR] CADModel:125 - Updater not yet initialized, retry later 
2024-10-07 19:12:56,048 [FATAL] Updater:334 - Updater called before beeing initialized
2024-10-07 19:12:56,294 [FATAL] Updater:334 - Updater called before beeing initialized
2024-10-07 19:12:56,313 [INFO] DbMcusAds:53 - JSON generation date=Fri Sep 20 20:04:23 ICT 2024 (1726837463113)
2024-10-07 19:12:56,314 [FATAL] Updater:334 - Updater called before beeing initialized
2024-10-07 19:12:56,404 [WARN] DetailPanel:346 - Failed to get advertising image, set to default
2024-10-07 19:12:56,675 [FATAL] Updater:334 - Updater called before beeing initialized
2024-10-07 19:12:56,680 [FATAL] Updater:334 - Updater called before beeing initialized
2024-10-07 19:12:56,681 [FATAL] Updater:334 - Updater called before beeing initialized
2024-10-07 19:12:56,681 [WARN] DetailPanel:346 - Failed to get advertising image, set to default
2024-10-07 19:12:56,686 [FATAL] Updater:334 - Updater called before beeing initialized
2024-10-07 19:12:56,787 [INFO] ThirdPartyUpdaterWithRetryManager:70 - Updater plugin not ready yet. [2/15]
2024-10-07 19:12:56,800 [ERROR] Updater:1164 - MainUpdater not yet initialized. External WinMGr cannot be set.
2024-10-07 19:12:56,804 [INFO] Updater:1100 - Updater Version found : 6.12.0
2024-10-07 19:12:56,844 [INFO] ApplicationProperties:184 - Using Application install path: D:\STM32\STM32CubeIDE_1.16.0\STM32CubeIDE\plugins\com.st.stm32cube.common.mx_6.12.0.202406281431
2024-10-07 19:12:58,454 [ERROR] LogOutputStream:75 - [STDERR_REDIRECT] Oct 07, 2024 7:12:58 PM java.util.prefs.WindowsPreferences <init>
2024-10-07 19:12:58,456 [ERROR] LogOutputStream:75 - [STDERR_REDIRECT] WARNING: Could not open/create prefs root node Software\JavaSoft\Prefs at root 0xffffffff80000002. Windows RegCreateKeyEx(...) returned error code 5.
2024-10-07 19:12:58,458 [ERROR] LogOutputStream:75 - [STDERR_REDIRECT] 
2024-10-07 19:12:59,437 [INFO] MainUpdater:2873 - connection check result : 10
2024-10-07 19:12:59,438 [INFO] MainUpdater:290 - Updater Check For Update Now.
2024-10-07 19:12:59,440 [INFO] MicroXplorer:498 - Change Database Version : DB.6.0.120
2024-10-07 19:12:59,467 [INFO] McuFinderGlobals:63 - Set McuFinder mode to 2 (CubeIDE integrated)
2024-10-07 19:12:59,468 [INFO] UserAuth:179 - activating auth plugin
2024-10-07 19:12:59,482 [INFO] UserAuth:417 - Internet connection configuration mode: 1
2024-10-07 19:12:59,702 [INFO] JxBrowserEngine:152 - Initiate JxBrowser Engine with user profile folder
2024-10-07 19:12:59,789 [WARN] MainUpdater:1194 - Updater busy. Cannot search thirdparties
2024-10-07 19:12:59,789 [INFO] ThirdPartyUpdaterWithRetryManager:96 - Updater plugin is busy. [1/15]
2024-10-07 19:12:59,975 [INFO] CheckServerUpdateThread:120 - End of CheckServer Thread
2024-10-07 19:13:03,229 [WARN] PackLoader:240 - Cannot read IP mode file for STMicroelectronics.FP-SNS-MOTENVWB1.1.4.0
2024-10-07 19:13:03,272 [WARN] PackLoader:240 - Cannot read IP mode file for STMicroelectronics.X-CUBE-SMBUS.2.1.0
2024-10-07 19:13:03,308 [WARN] PackLoader:240 - Cannot read IP mode file for STMicroelectronics.X-CUBE-WB05N.1.1.0
2024-10-07 19:13:03,398 [WARN] PackLoader:240 - Cannot read IP mode file for STMicroelectronics.X-CUBE-AZRTOS-F7.1.1.0
2024-10-07 19:13:03,609 [WARN] PackLoader:240 - Cannot read IP mode file for STMicroelectronics.X-CUBE-MEMS1.11.0.0
2024-10-07 19:13:03,978 [WARN] PackLoader:240 - Cannot read IP mode file for STMicroelectronics.FP-SNS-FLIGHT1.5.0.2
2024-10-07 19:13:04,029 [WARN] PackLoader:240 - Cannot read IP mode file for STMicroelectronics.X-CUBE-DISPLAY.3.0.0
2024-10-07 19:13:04,111 [WARN] PackLoader:240 - Cannot read IP mode file for STMicroelectronics.X-CUBE-BLE1.7.0.0
2024-10-07 19:13:04,164 [WARN] PackLoader:240 - Cannot read IP mode file for STMicroelectronics.X-CUBE-NFC10.1.0.0
2024-10-07 19:13:04,226 [WARN] PackLoader:240 - Cannot read IP mode file for emotas.I-CUBE-CANOPEN.1.3.0
2024-10-07 19:13:04,289 [WARN] PackLoader:240 - Cannot read IP mode file for STMicroelectronics.X-CUBE-BLEMGR.3.1.0
2024-10-07 19:13:04,331 [WARN] PackLoader:240 - Cannot read IP mode file for STMicroelectronics.FP-SNS-SMARTAG2.1.2.0
2024-10-07 19:13:04,387 [INFO] LogOutputStream:77 - [STDOUT_REDIRECT] 1 : Invalid condition id : UX_CORESTACK_Condition cause : null
2024-10-07 19:13:04,389 [INFO] LogOutputStream:77 - [STDOUT_REDIRECT] 1 : Invalid condition id : UX_CORESTACK_Condition cause : null
2024-10-07 19:13:04,397 [INFO] LogOutputStream:77 - [STDOUT_REDIRECT] 1 : Invalid condition id : UX_CORESTACK_Condition cause : null
2024-10-07 19:13:04,400 [INFO] LogOutputStream:77 - [STDOUT_REDIRECT] 1 : Invalid condition id : UX_CORESTACK_Condition cause : null
2024-10-07 19:13:04,403 [INFO] LogOutputStream:77 - [STDOUT_REDIRECT] 1 : Invalid condition id : UX_CORESTACK_Condition cause : null
2024-10-07 19:13:04,411 [WARN] PackLoader:240 - Cannot read IP mode file for STMicroelectronics.X-CUBE-AZRTOS-WL.2.0.0
2024-10-07 19:13:04,446 [WARN] PackLoader:240 - Cannot read IP mode file for STMicroelectronics.FP-SNS-MOTENV1.5.0.0
2024-10-07 19:13:04,483 [WARN] PackLoader:240 - Cannot read IP mode file for wolfSSL.I-CUBE-wolfMQTT.1.19.0
2024-10-07 19:13:04,526 [WARN] PackLoader:240 - Cannot read IP mode file for WES.I-CUBE-Cesium.1.3.0
2024-10-07 19:13:04,566 [WARN] PackLoader:240 - Cannot read IP mode file for STMicroelectronics.X-CUBE-BLE2.3.3.0
2024-10-07 19:13:04,608 [WARN] PackLoader:240 - Cannot read IP mode file for STMicroelectronics.X-CUBE-NFC9.1.0.0
2024-10-07 19:13:04,651 [WARN] PackLoader:240 - Cannot read IP mode file for STMicroelectronics.X-CUBE-TCPP.4.1.0
2024-10-07 19:13:04,711 [WARN] PackLoader:240 - Cannot read IP mode file for STMicroelectronics.X-CUBE-AZRTOS-G0.1.1.0
2024-10-07 19:13:04,754 [WARN] PackLoader:240 - Cannot read IP mode file for STMicroelectronics.X-CUBE-SAFEA1.1.2.2
2024-10-07 19:13:04,793 [WARN] PackLoader:240 - Cannot read IP mode file for STMicroelectronics.X-CUBE-NFC4.3.0.0
2024-10-07 19:13:04,837 [WARN] PackLoader:240 - Cannot read IP mode file for EmbeddedOffice.I-CUBE-FS-RTOS.1.0.1
2024-10-07 19:13:04,838 [ERROR] ConditionMgr:805 - Attr not supported : Dmpu
2024-10-07 19:13:04,839 [ERROR] ConditionMgr:805 - Attr not supported : Dmpu
2024-10-07 19:13:04,839 [ERROR] ConditionMgr:805 - Attr not supported : Dmpu
2024-10-07 19:13:04,839 [ERROR] ConditionMgr:805 - Attr not supported : Dmpu
2024-10-07 19:13:04,839 [ERROR] ConditionMgr:805 - Attr not supported : Dmpu
2024-10-07 19:13:04,839 [ERROR] ConditionMgr:805 - Attr not supported : Dmpu
2024-10-07 19:13:04,840 [ERROR] ConditionMgr:805 - Attr not supported : Dmpu
2024-10-07 19:13:04,840 [ERROR] ConditionMgr:805 - Attr not supported : Dmpu
2024-10-07 19:13:04,841 [ERROR] ConditionMgr:805 - Attr not supported : Dmpu
2024-10-07 19:13:04,841 [ERROR] ConditionMgr:805 - Attr not supported : Dmpu
2024-10-07 19:13:04,841 [ERROR] ConditionMgr:805 - Attr not supported : Dmpu
2024-10-07 19:13:04,841 [ERROR] ConditionMgr:805 - Attr not supported : Dmpu
2024-10-07 19:13:04,843 [ERROR] ConditionMgr:805 - Attr not supported : Dmpu
2024-10-07 19:13:04,848 [ERROR] ConditionMgr:805 - Attr not supported : Dmpu
2024-10-07 19:13:04,848 [ERROR] ConditionMgr:805 - Attr not supported : Dmpu
2024-10-07 19:13:04,848 [ERROR] ConditionMgr:805 - Attr not supported : Dmpu
2024-10-07 19:13:04,848 [ERROR] ConditionMgr:805 - Attr not supported : Dmpu
2024-10-07 19:13:04,851 [ERROR] ConditionMgr:805 - Attr not supported : Dmpu
2024-10-07 19:13:04,851 [ERROR] ConditionMgr:805 - Attr not supported : Dmpu
2024-10-07 19:13:04,851 [ERROR] ConditionMgr:805 - Attr not supported : Dmpu
2024-10-07 19:13:04,852 [ERROR] ConditionMgr:805 - Attr not supported : Dmpu
2024-10-07 19:13:04,852 [ERROR] ConditionMgr:805 - Attr not supported : Dmpu
2024-10-07 19:13:04,852 [ERROR] ConditionMgr:805 - Attr not supported : Dmpu
2024-10-07 19:13:04,852 [ERROR] ConditionMgr:805 - Attr not supported : Dmpu
2024-10-07 19:13:04,852 [ERROR] ConditionMgr:805 - Attr not supported : Dmpu
2024-10-07 19:13:04,852 [ERROR] ConditionMgr:805 - Attr not supported : Dmpu
2024-10-07 19:13:04,852 [ERROR] ConditionMgr:805 - Attr not supported : Dmpu
2024-10-07 19:13:04,853 [ERROR] ConditionMgr:805 - Attr not supported : Dmpu
2024-10-07 19:13:04,853 [ERROR] ConditionMgr:805 - Attr not supported : Dmpu
2024-10-07 19:13:04,853 [ERROR] ConditionMgr:805 - Attr not supported : Dmpu
2024-10-07 19:13:04,853 [ERROR] ConditionMgr:805 - Attr not supported : Dmpu
2024-10-07 19:13:04,854 [ERROR] ConditionMgr:805 - Attr not supported : Dmpu
2024-10-07 19:13:04,855 [ERROR] ConditionMgr:805 - Attr not supported : Dmpu
2024-10-07 19:13:04,856 [ERROR] ConditionMgr:805 - Attr not supported : Dmpu
2024-10-07 19:13:04,857 [ERROR] ConditionMgr:805 - Attr not supported : Dmpu
2024-10-07 19:13:04,858 [ERROR] ConditionMgr:805 - Attr not supported : Dmpu
2024-10-07 19:13:04,858 [ERROR] ConditionMgr:805 - Attr not supported : Dmpu
2024-10-07 19:13:04,858 [ERROR] ConditionMgr:805 - Attr not supported : Dmpu
2024-10-07 19:13:04,860 [ERROR] ConditionMgr:805 - Attr not supported : Dmpu
2024-10-07 19:13:04,860 [ERROR] ConditionMgr:805 - Attr not supported : Dmpu
2024-10-07 19:13:04,860 [ERROR] ConditionMgr:805 - Attr not supported : Dmpu
2024-10-07 19:13:04,860 [ERROR] ConditionMgr:805 - Attr not supported : Dmpu
2024-10-07 19:13:04,860 [ERROR] ConditionMgr:805 - Attr not supported : Dmpu
2024-10-07 19:13:04,860 [ERROR] ConditionMgr:805 - Attr not supported : Dmpu
2024-10-07 19:13:04,860 [ERROR] ConditionMgr:805 - Attr not supported : Dmpu
2024-10-07 19:13:04,860 [ERROR] ConditionMgr:805 - Attr not supported : Dmpu
2024-10-07 19:13:04,861 [ERROR] ConditionMgr:805 - Attr not supported : Dmpu
2024-10-07 19:13:04,861 [ERROR] ConditionMgr:805 - Attr not supported : Dmpu
2024-10-07 19:13:04,861 [ERROR] ConditionMgr:805 - Attr not supported : Dmpu
2024-10-07 19:13:04,861 [ERROR] ConditionMgr:805 - Attr not supported : Dmpu
2024-10-07 19:13:04,861 [ERROR] ConditionMgr:805 - Attr not supported : Dmpu
2024-10-07 19:13:04,862 [ERROR] ConditionMgr:805 - Attr not supported : Dmpu
2024-10-07 19:13:04,863 [ERROR] ConditionMgr:805 - Attr not supported : Dmpu
2024-10-07 19:13:04,865 [ERROR] ConditionMgr:805 - Attr not supported : Dmpu
2024-10-07 19:13:04,865 [ERROR] ConditionMgr:805 - Attr not supported : Dmpu
2024-10-07 19:13:04,865 [ERROR] ConditionMgr:805 - Attr not supported : Dmpu
2024-10-07 19:13:04,865 [ERROR] ConditionMgr:805 - Attr not supported : Dmpu
2024-10-07 19:13:04,866 [ERROR] ConditionMgr:805 - Attr not supported : Dmpu
2024-10-07 19:13:04,866 [ERROR] ConditionMgr:805 - Attr not supported : Dmpu
2024-10-07 19:13:04,866 [ERROR] ConditionMgr:805 - Attr not supported : Dmpu
2024-10-07 19:13:04,866 [ERROR] ConditionMgr:805 - Attr not supported : Dmpu
2024-10-07 19:13:04,866 [ERROR] ConditionMgr:805 - Attr not supported : Dmpu
2024-10-07 19:13:04,866 [ERROR] ConditionMgr:805 - Attr not supported : Dmpu
2024-10-07 19:13:04,867 [ERROR] ConditionMgr:805 - Attr not supported : Dmpu
2024-10-07 19:13:04,894 [WARN] PackLoader:240 - Cannot read IP mode file for RealThread.X-CUBE-RT-Thread_Nano.4.1.1
2024-10-07 19:13:04,921 [WARN] PackLoader:240 - Cannot read IP mode file for STMicroelectronics.FP-ATR-SIGFOX1.3.2.0
2024-10-07 19:13:04,953 [WARN] PackLoader:240 - Cannot read IP mode file for wolfSSL.I-CUBE-wolfSSL.5.7.2
2024-10-07 19:13:04,988 [WARN] PackLoader:240 - Cannot read IP mode file for STMicroelectronics.X-CUBE-EEPRMA1.5.1.0
2024-10-07 19:13:05,030 [WARN] PackLoader:240 - Cannot read IP mode file for ITTIA_DB.I-CUBE-ITTIADB.8.9.0
2024-10-07 19:13:05,105 [WARN] PackLoader:240 - Cannot read IP mode file for SEGGER.I-CUBE-embOS.1.3.1
2024-10-07 19:13:05,188 [WARN] PackLoader:240 - Cannot read IP mode file for STMicroelectronics.X-CUBE-ALGOBUILD.1.4.0
2024-10-07 19:13:05,216 [WARN] PackLoader:240 - Cannot read IP mode file for STMicroelectronics.X-CUBE-AI.9.1.0
2024-10-07 19:13:05,248 [WARN] PackLoader:240 - Cannot read IP mode file for STMicroelectronics.X-CUBE-GNSS1.6.0.0
2024-10-07 19:13:05,309 [WARN] PackLoader:240 - Cannot read IP mode file for STMicroelectronics.X-CUBE-AZRTOS-F4.1.1.0
2024-10-07 19:13:05,343 [WARN] PackLoader:240 - Cannot read IP mode file for STMicroelectronics.X-CUBE-ISPU.2.1.0
2024-10-07 19:13:05,374 [WARN] PackLoader:240 - Cannot read IP mode file for STMicroelectronics.X-CUBE-FREERTOS.1.2.0
2024-10-07 19:13:05,436 [WARN] PackLoader:240 - Cannot read IP mode file for STMicroelectronics.X-CUBE-AZRTOS-L5.2.0.0
2024-10-07 19:13:05,480 [WARN] PackLoader:240 - Cannot read IP mode file for STMicroelectronics.X-CUBE-NFC6.3.1.0
2024-10-07 19:13:05,515 [WARN] PackLoader:240 - Cannot read IP mode file for STMicroelectronics.X-CUBE-DPower.1.2.0
2024-10-07 19:13:05,547 [WARN] PackLoader:240 - Cannot read IP mode file for STMicroelectronics.X-CUBE-AI.9.0.0
2024-10-07 19:13:05,577 [WARN] PackLoader:240 - Cannot read IP mode file for STMicroelectronics.X-CUBE-NFC7.1.0.1
2024-10-07 19:13:05,648 [WARN] ConditionMgr:438 - getConditionDescription Invalid condition id : LAN8742 Phy interface Condition cause : null
2024-10-07 19:13:05,650 [WARN] PackLoader:240 - Cannot read IP mode file for STMicroelectronics.X-CUBE-AZRTOS-L4.2.0.0
2024-10-07 19:13:05,653 [WARN] ConditionMgr:1039 - genDependencies : Invalid condition id : LAN8742 Phy interface Condition cause : null
2024-10-07 19:13:05,654 [WARN] ConditionMgr:1039 - genDependencies : Invalid condition id : LAN8742 Phy interface Condition cause : null
2024-10-07 19:13:05,656 [WARN] ConditionMgr:1039 - genDependencies : Invalid condition id : LAN8742 Phy interface Condition cause : null
2024-10-07 19:13:05,707 [WARN] PackLoader:240 - Cannot read IP mode file for STMicroelectronics.X-CUBE-SFXS2LP1.4.0.0
2024-10-07 19:13:05,828 [WARN] PackLoader:240 - Cannot read IP mode file for STMicroelectronics.X-CUBE-AZRTOS-H7.3.3.0
2024-10-07 19:13:05,866 [WARN] PackLoader:240 - Cannot read IP mode file for STMicroelectronics.X-CUBE-IPS.3.0.0
2024-10-07 19:13:05,917 [WARN] ConditionMgr:438 - getConditionDescription Invalid condition id : UX DEVICE CLASS RTOS Condition cause : null
2024-10-07 19:13:05,917 [WARN] ConditionMgr:438 - getConditionDescription Invalid condition id : UX DEVICE CLASS RTOS Condition cause : null
2024-10-07 19:13:05,920 [WARN] PackLoader:240 - Cannot read IP mode file for STMicroelectronics.X-CUBE-AZRTOS-WB.2.0.0
2024-10-07 19:13:05,922 [WARN] ConditionMgr:1039 - genDependencies : Invalid condition id : UX DEVICE CLASS RTOS Condition cause : null
2024-10-07 19:13:05,922 [WARN] ConditionMgr:1039 - genDependencies : Invalid condition id : UX DEVICE CLASS RTOS Condition cause : null
2024-10-07 19:13:05,923 [WARN] ConditionMgr:1039 - genDependencies : Invalid condition id : UX DEVICE CLASS RTOS Condition cause : null
2024-10-07 19:13:05,923 [WARN] ConditionMgr:1039 - genDependencies : Invalid condition id : UX DEVICE CLASS RTOS Condition cause : null
2024-10-07 19:13:05,923 [WARN] ConditionMgr:1039 - genDependencies : Invalid condition id : UX DEVICE CLASS RTOS Condition cause : null
2024-10-07 19:13:05,955 [WARN] PackLoader:240 - Cannot read IP mode file for STMicroelectronics.X-CUBE-GNSS1.7.0.0
2024-10-07 19:13:05,987 [WARN] PackLoader:240 - Cannot read IP mode file for STMicroelectronics.FP-SNS-STBOX1.2.0.0
2024-10-07 19:13:06,028 [WARN] PackLoader:240 - Cannot read IP mode file for STMicroelectronics.X-CUBE-SUBG2.5.0.0
2024-10-07 19:13:06,064 [WARN] PackLoader:240 - Cannot read IP mode file for Cesanta.I-CUBE-Mongoose.7.13.0
2024-10-07 19:13:06,119 [WARN] PackLoader:240 - Cannot read IP mode file for STMicroelectronics.X-CUBE-AZRTOS-G4.2.0.0
2024-10-07 19:13:06,154 [WARN] PackLoader:240 - Cannot read IP mode file for STMicroelectronics.X-CUBE-ISPU.2.0.0
2024-10-07 19:13:06,182 [WARN] PackLoader:240 - Cannot read IP mode file for STMicroelectronics.X-CUBE-ALS.1.0.2
2024-10-07 19:13:06,214 [WARN] PackLoader:240 - Cannot read IP mode file for STMicroelectronics.X-CUBE-TOUCHGFX.4.24.0
2024-10-07 19:13:06,242 [WARN] PackLoader:240 - Cannot read IP mode file for STMicroelectronics.X-CUBE-TOUCHGFX.4.24.1
2024-10-07 19:13:06,270 [WARN] PackLoader:240 - Cannot read IP mode file for wolfSSL.I-CUBE-wolfTPM.3.4.0
2024-10-07 19:13:06,297 [WARN] PackLoader:240 - Cannot read IP mode file for portGmbH.I-Cube-SoM-uGOAL.1.1.0
2024-10-07 19:13:06,353 [WARN] PackLoader:240 - Cannot read IP mode file for STMicroelectronics.X-CUBE-AZRTOS-H7RS.1.0.0
2024-10-07 19:13:06,381 [WARN] PackLoader:240 - Cannot read IP mode file for STMicroelectronics.FP-ATR-ASTRA1.2.0.0
2024-10-07 19:13:06,419 [WARN] PackLoader:240 - Cannot read IP mode file for STMicroelectronics.X-CUBE-TOF1.3.4.2
2024-10-07 19:13:06,504 [WARN] PackLoader:240 - Cannot read IP mode file for Infineon.AIROC-Wi-Fi-Bluetooth-STM32.1.6.1
2024-10-07 19:13:06,535 [WARN] PackLoader:240 - Cannot read IP mode file for wolfSSL.I-CUBE-wolfSSH.1.4.17
2024-10-07 19:13:06,537 [INFO] ThirdParty:978 - Integrity check success = true
2024-10-07 19:13:06,537 [INFO] IntegrityCheckThread:100 - exiting critical section [integrity check]
2024-10-07 19:13:06,537 [INFO] IntegrityCheckThread:103 - End integrity checks thread
2024-10-07 19:13:12,955 [INFO] WebApp:167 - Instantiating new browser for Auth
2024-10-07 19:13:14,514 [INFO] WebApp:448 - Apply proxy settings
2024-10-07 19:13:14,514 [INFO] WebApp:533 - Chromium requires no authentication
2024-10-07 19:13:14,548 [INFO] WebApp:476 - Direct internet connection detected
2024-10-07 19:13:14,611 [INFO] WebApp:869 - Register for checkConnection events
2024-10-07 19:13:14,611 [INFO] WebApp:448 - Apply proxy settings
2024-10-07 19:13:14,611 [INFO] WebApp:533 - Chromium requires no authentication
2024-10-07 19:13:14,612 [INFO] WebApp:476 - Direct internet connection detected
2024-10-07 19:13:14,990 [INFO] WebApp:220 - Starting web application
2024-10-07 19:13:14,990 [INFO] WebApp:578 - Web application path used D:\STM32\STM32CubeIDE_1.16.0\STM32CubeIDE\plugins\com.st.stm32cube.common.mx_6.12.0.202406281431\db\plugins\mcufinder\reactClient1\index.html
2024-10-07 19:13:17,014 [INFO] WebApp:186 - Connection restablished
2024-10-07 19:50:52,546 [ERROR] LogOutputStream:75 - [STDERR_REDIRECT] 
2024-10-07 19:50:52,548 [ERROR] LogOutputStream:75 - [STDERR_REDIRECT] 
