2024-10-08 07:04:43,185 [INFO] Activator:176 - 


2024-10-08 07:04:43,191 [INFO] Activator:177 - !SESSION log4j initialized
2024-10-08 07:04:51,717 [INFO] LogOutputStream:77 - [STDOUT_REDIRECT] 
2024-10-08 07:04:59,793 [INFO] ApplicationProperties:184 - Using Application install path: D:\STM32\STM32CubeIDE_1.16.0\STM32CubeIDE\plugins\com.st.stm32cube.common.mx_6.12.0.202406281431
2024-10-08 07:04:59,819 [INFO] DbMcusXml:78 - Set database path to: D:\STM32\STM32CubeIDE_1.16.0\STM32CubeIDE\plugins\com.st.stm32cube.common.mx_6.12.0.202406281431\\db\/mcu/
2024-10-08 07:04:59,819 [INFO] ApiDb:274 - Set plugin database path to: D:\STM32\STM32CubeIDE_1.16.0\STM32CubeIDE\plugins\com.st.stm32cube.common.mx_6.12.0.202406281431\\db\/plugins/boardmanager/
2024-10-08 07:04:59,820 [WARN] ApiDb:259 - Overriding images path with different value:  => D:\STM32\STM32CubeIDE_1.16.0\STM32CubeIDE\plugins\com.st.stm32cube.common.mx_6.12.0.202406281431\\db\/plugins/mcufinder/images/
2024-10-08 07:04:59,832 [INFO] ApiDb:250 - Set database path to: C:\Users\Asus\.stmcufinder\plugins\mcufinder//mcu/
2024-10-08 07:04:59,833 [INFO] DbMcusAds:125 - Set database path to: C:\Users\Asus\.stmcufinder\plugins\mcufinder//mcu/
2024-10-08 07:04:59,836 [INFO] CrossReferenceDbSqlite:203 - Set database path to: C:\Users\Asus\.stmcufinder\plugins\mcufinder//mcu/cs/
2024-10-08 07:05:00,063 [INFO] RulesReader:64 - Compatibility file has been processed (297 Rules)
2024-10-08 07:05:00,328 [INFO] DbMcusXml:78 - Set database path to: D:\STM32\STM32CubeIDE_1.16.0\STM32CubeIDE\plugins\com.st.stm32cube.common.mx_6.12.0.202406281431\\db\/mcu/
2024-10-08 07:05:00,328 [INFO] ApiDb:274 - Set plugin database path to: D:\STM32\STM32CubeIDE_1.16.0\STM32CubeIDE\plugins\com.st.stm32cube.common.mx_6.12.0.202406281431\\db\/plugins/boardmanager/
2024-10-08 07:05:00,329 [INFO] ApiDb:261 - Set plugin images path to: D:\STM32\STM32CubeIDE_1.16.0\STM32CubeIDE\plugins\com.st.stm32cube.common.mx_6.12.0.202406281431\\db\/plugins/mcufinder/images/
2024-10-08 07:05:00,329 [WARN] DbFile:41 - Overriding database path with different value: C:\Users\Asus\.stmcufinder\plugins\mcufinder/ => C:\Users\Asus\.stmcufinder\plugins\mcufinder
2024-10-08 07:05:00,330 [INFO] ApiDb:250 - Set database path to: C:\Users\Asus\.stmcufinder\plugins\mcufinder//mcu/
2024-10-08 07:05:00,330 [WARN] DbFile:41 - Overriding database path with different value: C:\Users\Asus\.stmcufinder\plugins\mcufinder/ => C:\Users\Asus\.stmcufinder\plugins\mcufinder
2024-10-08 07:05:00,330 [INFO] DbMcusAds:125 - Set database path to: C:\Users\Asus\.stmcufinder\plugins\mcufinder//mcu/
2024-10-08 07:05:00,331 [WARN] DbFile:41 - Overriding database path with different value: C:\Users\Asus\.stmcufinder\plugins\mcufinder/ => C:\Users\Asus\.stmcufinder\plugins\mcufinder
2024-10-08 07:05:00,331 [WARN] DbFile:41 - Overriding database path with different value: C:\Users\Asus\.stmcufinder\plugins\mcufinder/ => C:\Users\Asus\.stmcufinder\plugins\mcufinder
2024-10-08 07:05:00,331 [INFO] CrossReferenceDbSqlite:203 - Set database path to: C:\Users\Asus\.stmcufinder\plugins\mcufinder//mcu/cs/
2024-10-08 07:05:00,526 [INFO] MainPanel:268 - HeapMemory: 268435456
2024-10-08 07:05:00,837 [INFO] DbMcusXml:78 - Set database path to: D:\STM32\STM32CubeIDE_1.16.0\STM32CubeIDE\plugins\com.st.stm32cube.common.mx_6.12.0.202406281431\\db\/mcu/
2024-10-08 07:05:00,838 [INFO] ApiDb:274 - Set plugin database path to: D:\STM32\STM32CubeIDE_1.16.0\STM32CubeIDE\plugins\com.st.stm32cube.common.mx_6.12.0.202406281431\\db\/plugins/boardmanager/
2024-10-08 07:05:00,838 [INFO] ApiDb:261 - Set plugin images path to: D:\STM32\STM32CubeIDE_1.16.0\STM32CubeIDE\plugins\com.st.stm32cube.common.mx_6.12.0.202406281431\\db\/plugins/mcufinder/images/
2024-10-08 07:05:00,840 [WARN] DbFile:41 - Overriding database path with different value: C:\Users\Asus\.stmcufinder\plugins\mcufinder/ => C:\Users\Asus\.stmcufinder\plugins\mcufinder
2024-10-08 07:05:00,841 [INFO] ApiDb:250 - Set database path to: C:\Users\Asus\.stmcufinder\plugins\mcufinder//mcu/
2024-10-08 07:05:00,841 [WARN] DbFile:41 - Overriding database path with different value: C:\Users\Asus\.stmcufinder\plugins\mcufinder/ => C:\Users\Asus\.stmcufinder\plugins\mcufinder
2024-10-08 07:05:00,841 [INFO] DbMcusAds:125 - Set database path to: C:\Users\Asus\.stmcufinder\plugins\mcufinder//mcu/
2024-10-08 07:05:00,842 [WARN] DbFile:41 - Overriding database path with different value: C:\Users\Asus\.stmcufinder\plugins\mcufinder/ => C:\Users\Asus\.stmcufinder\plugins\mcufinder
2024-10-08 07:05:00,842 [WARN] DbFile:41 - Overriding database path with different value: C:\Users\Asus\.stmcufinder\plugins\mcufinder/ => C:\Users\Asus\.stmcufinder\plugins\mcufinder
2024-10-08 07:05:00,842 [INFO] CrossReferenceDbSqlite:203 - Set database path to: C:\Users\Asus\.stmcufinder\plugins\mcufinder//mcu/cs/
2024-10-08 07:05:00,883 [INFO] ApplicationProperties:184 - Using Application install path: D:\STM32\STM32CubeIDE_1.16.0\STM32CubeIDE\plugins\com.st.stm32cube.common.mx_6.12.0.202406281431
2024-10-08 07:05:00,886 [INFO] PluginManage:196 - Search for loadable plugins [exclusion list=, ]
2024-10-08 07:05:00,890 [INFO] PluginManage:310 - Check plugin analytics
2024-10-08 07:05:06,191 [INFO] AnalyticsPlugin:253 - Accepted Software Licenses: 
2024-10-08 07:05:06,191 [INFO] AnalyticsPlugin:255 - Accepted CMSIS Pack Licenses: 
2024-10-08 07:05:06,191 [INFO] AnalyticsPlugin:257 - Accepted Firmware Licenses: 
2024-10-08 07:05:06,197 [INFO] PluginManage:359 - Loaded plugin analytics (category:tool,tabindex:-1)
2024-10-08 07:05:06,198 [INFO] PluginManage:310 - Check plugin cadmodel
2024-10-08 07:05:06,207 [INFO] CADModel:105 - Init CAD model plugin
2024-10-08 07:05:06,208 [INFO] PluginManage:359 - Loaded plugin cadmodel (category:power,tabindex:5)
2024-10-08 07:05:06,208 [INFO] PluginManage:310 - Check plugin clock
2024-10-08 07:05:06,227 [INFO] PluginManage:359 - Loaded plugin clock (category:base,tabindex:2)
2024-10-08 07:05:06,227 [INFO] PluginManage:310 - Check plugin ddr
2024-10-08 07:05:06,231 [INFO] PluginManage:359 - Loaded plugin ddr (category:tool,tabindex:6)
2024-10-08 07:05:06,232 [INFO] PluginManage:310 - Check plugin filemanager
2024-10-08 07:05:06,539 [INFO] PluginManage:359 - Loaded plugin filemanager (category:base,tabindex:10)
2024-10-08 07:05:06,540 [INFO] PluginManage:310 - Check plugin ipmanager
2024-10-08 07:05:06,555 [INFO] PluginManage:359 - Loaded plugin ipmanager (category:base,tabindex:5)
2024-10-08 07:05:06,556 [INFO] PluginManage:310 - Check plugin lpbam
2024-10-08 07:05:06,574 [INFO] PluginManage:359 - Loaded plugin lpbam (category:base,tabindex:0)
2024-10-08 07:05:06,575 [INFO] PluginManage:310 - Check plugin memorymap
2024-10-08 07:05:06,603 [INFO] PluginManage:359 - Loaded plugin memorymap (category:base,tabindex:4)
2024-10-08 07:05:06,604 [INFO] PluginManage:310 - Check plugin pinoutandconfiguration
2024-10-08 07:05:06,625 [INFO] PluginManage:359 - Loaded plugin pinoutandconfiguration (category:base,tabindex:1)
2024-10-08 07:05:06,625 [INFO] PluginManage:310 - Check plugin pinoutconfig
2024-10-08 07:05:06,829 [WARN] SupportedApi:132 - Cannot load RTOS API schema: s4s-elt-must-match.1: The content of 'definitions' must match (annotation?, (simpleType | complexType)?, (unique | key | keyref)*)). A problem was found starting at: attribute.
2024-10-08 07:05:07,135 [INFO] PluginManage:359 - Loaded plugin pinoutconfig (category:base,tabindex:0)
2024-10-08 07:05:07,135 [INFO] PluginManage:310 - Check plugin power
2024-10-08 07:05:07,157 [INFO] PluginManage:359 - Loaded plugin power (category:power,tabindex:4)
2024-10-08 07:05:07,157 [INFO] PluginManage:310 - Check plugin projectmanager
2024-10-08 07:05:07,192 [INFO] PluginManage:359 - Loaded plugin projectmanager (category:projectmanager,tabindex:4)
2024-10-08 07:05:07,192 [INFO] PluginManage:310 - Check plugin rif
2024-10-08 07:05:07,205 [INFO] PluginManage:359 - Loaded plugin rif (category:base,tabindex:3)
2024-10-08 07:05:07,205 [INFO] PluginManage:310 - Check plugin thirdparty
2024-10-08 07:05:07,479 [INFO] PluginManage:359 - Loaded plugin thirdparty (category:base,tabindex:-1)
2024-10-08 07:05:07,480 [INFO] PluginManage:310 - Check plugin tools
2024-10-08 07:05:07,479 [WARN] IntegrityCheckThread:84 - waiting for thirdparty lock release [integrity check]
2024-10-08 07:05:07,480 [INFO] IntegrityCheckThread:86 - entering critical section [integrity check]
2024-10-08 07:05:07,481 [INFO] ThirdPartyUpdaterWithRetryManager:70 - Updater plugin not ready yet. [1/15]
2024-10-08 07:05:07,487 [INFO] PluginManage:359 - Loaded plugin tools (category:base,tabindex:7)
2024-10-08 07:05:07,488 [INFO] PluginManage:310 - Check plugin tutovideos
2024-10-08 07:05:07,933 [INFO] PluginManage:359 - Loaded plugin tutovideos (category:base,tabindex:-1)
2024-10-08 07:05:07,933 [INFO] PluginManage:310 - Check plugin updater
2024-10-08 07:05:07,975 [INFO] PluginManage:359 - Loaded plugin updater (category:base,tabindex:12)
2024-10-08 07:05:07,975 [INFO] PluginManage:310 - Check plugin userauth
2024-10-08 07:05:07,990 [INFO] UserAuth:113 - Init User Auth plugin
2024-10-08 07:05:07,990 [INFO] PluginManage:359 - Loaded plugin userauth (category:base,tabindex:14)
2024-10-08 07:05:07,991 [INFO] PluginManage:283 - PluginManage : Loaded plugins [18]
2024-10-08 07:05:08,559 [INFO] PinOutPanel:1561 - setPackage(No Configuration,No Configuration)
2024-10-08 07:05:08,765 [INFO] CADModel:165 - CPN selected for project level
2024-10-08 07:05:08,766 [INFO] CADModel:114 - Register for checkConnection events
2024-10-08 07:05:08,806 [INFO] IPUIPlugin:80 - create IPUIPlugin
2024-10-08 07:05:08,806 [INFO] PluginManager:220 - loadIPPluginJar : add adc
2024-10-08 07:05:08,812 [INFO] IPUIPlugin:80 - create IPUIPlugin
2024-10-08 07:05:08,812 [INFO] PluginManager:220 - loadIPPluginJar : add aes
2024-10-08 07:05:08,818 [INFO] IPUIPlugin:80 - create IPUIPlugin
2024-10-08 07:05:08,819 [INFO] PluginManager:220 - loadIPPluginJar : add can
2024-10-08 07:05:08,822 [INFO] IPUIPlugin:80 - create IPUIPlugin
2024-10-08 07:05:08,822 [INFO] PluginManager:220 - loadIPPluginJar : add comp
2024-10-08 07:05:08,827 [INFO] IPUIPlugin:80 - create IPUIPlugin
2024-10-08 07:05:08,828 [INFO] PluginManager:220 - loadIPPluginJar : add cryp
2024-10-08 07:05:08,834 [INFO] IPUIPlugin:80 - create IPUIPlugin
2024-10-08 07:05:08,835 [INFO] PluginManager:220 - loadIPPluginJar : add ddr_ctrl_phy
2024-10-08 07:05:08,839 [INFO] IPUIPlugin:80 - create IPUIPlugin
2024-10-08 07:05:08,840 [INFO] PluginManager:220 - loadIPPluginJar : add dfsdm
2024-10-08 07:05:08,852 [INFO] IPUIPlugin:80 - create IPUIPlugin
2024-10-08 07:05:08,853 [INFO] PluginManager:220 - loadIPPluginJar : add dma
2024-10-08 07:05:08,859 [INFO] IPUIPlugin:80 - create IPUIPlugin
2024-10-08 07:05:08,859 [INFO] PluginManager:220 - loadIPPluginJar : add dma3
2024-10-08 07:05:08,866 [INFO] IPUIPlugin:80 - create IPUIPlugin
2024-10-08 07:05:08,866 [INFO] PluginManager:220 - loadIPPluginJar : add extmemmanager
2024-10-08 07:05:08,868 [INFO] IPUIPlugin:80 - create IPUIPlugin
2024-10-08 07:05:08,869 [INFO] PluginManager:220 - loadIPPluginJar : add fatfs
2024-10-08 07:05:08,877 [INFO] IPUIPlugin:80 - create IPUIPlugin
2024-10-08 07:05:08,878 [INFO] PluginManager:220 - loadIPPluginJar : add fmc
2024-10-08 07:05:08,890 [INFO] IPUIPlugin:80 - create IPUIPlugin
2024-10-08 07:05:08,891 [INFO] PluginManager:220 - loadIPPluginJar : add freertos
2024-10-08 07:05:08,894 [INFO] IPUIPlugin:80 - create IPUIPlugin
2024-10-08 07:05:08,895 [INFO] PluginManager:220 - loadIPPluginJar : add genericplugin
2024-10-08 07:05:08,899 [INFO] IPUIPlugin:80 - create IPUIPlugin
2024-10-08 07:05:08,900 [INFO] PluginManager:220 - loadIPPluginJar : add gfxmmu
2024-10-08 07:05:08,909 [INFO] IPUIPlugin:80 - create IPUIPlugin
2024-10-08 07:05:08,910 [INFO] PluginManager:220 - loadIPPluginJar : add gic
2024-10-08 07:05:08,917 [INFO] IPUIPlugin:80 - create IPUIPlugin
2024-10-08 07:05:08,918 [INFO] PluginManager:220 - loadIPPluginJar : add gpio
2024-10-08 07:05:08,924 [INFO] IPUIPlugin:80 - create IPUIPlugin
2024-10-08 07:05:08,924 [INFO] PluginManager:220 - loadIPPluginJar : add gtzc
2024-10-08 07:05:08,929 [INFO] IPUIPlugin:80 - create IPUIPlugin
2024-10-08 07:05:08,930 [INFO] PluginManager:220 - loadIPPluginJar : add hash
2024-10-08 07:05:08,935 [INFO] IPUIPlugin:80 - create IPUIPlugin
2024-10-08 07:05:08,936 [INFO] PluginManager:220 - loadIPPluginJar : add i2c
2024-10-08 07:05:08,941 [INFO] IPUIPlugin:80 - create IPUIPlugin
2024-10-08 07:05:08,942 [INFO] PluginManager:220 - loadIPPluginJar : add i2s
2024-10-08 07:05:08,947 [INFO] IPUIPlugin:80 - create IPUIPlugin
2024-10-08 07:05:08,948 [INFO] PluginManager:220 - loadIPPluginJar : add i3c
2024-10-08 07:05:08,955 [INFO] IPUIPlugin:80 - create IPUIPlugin
2024-10-08 07:05:08,956 [INFO] PluginManager:220 - loadIPPluginJar : add ipddr
2024-10-08 07:05:08,974 [INFO] IPUIPlugin:80 - create IPUIPlugin
2024-10-08 07:05:08,976 [INFO] PluginManager:220 - loadIPPluginJar : add linkedlist
2024-10-08 07:05:08,988 [INFO] IPUIPlugin:80 - create IPUIPlugin
2024-10-08 07:05:08,989 [INFO] PluginManager:220 - loadIPPluginJar : add lorawan
2024-10-08 07:05:08,993 [INFO] IPUIPlugin:80 - create IPUIPlugin
2024-10-08 07:05:08,993 [INFO] PluginManager:220 - loadIPPluginJar : add ltdc
2024-10-08 07:05:09,010 [INFO] IPUIPlugin:80 - create IPUIPlugin
2024-10-08 07:05:09,011 [INFO] PluginManager:220 - loadIPPluginJar : add mdma
2024-10-08 07:05:09,019 [INFO] IPUIPlugin:80 - create IPUIPlugin
2024-10-08 07:05:09,020 [INFO] PluginManager:220 - loadIPPluginJar : add nvic
2024-10-08 07:05:09,027 [INFO] IPUIPlugin:80 - create IPUIPlugin
2024-10-08 07:05:09,028 [INFO] PluginManager:220 - loadIPPluginJar : add opamp
2024-10-08 07:05:09,052 [INFO] IPUIPlugin:80 - create IPUIPlugin
2024-10-08 07:05:09,053 [INFO] PluginManager:220 - loadIPPluginJar : add openamp
2024-10-08 07:05:09,063 [INFO] IPUIPlugin:80 - create IPUIPlugin
2024-10-08 07:05:09,063 [INFO] PluginManager:220 - loadIPPluginJar : add pdm2pcm
2024-10-08 07:05:09,077 [INFO] IPUIPlugin:80 - create IPUIPlugin
2024-10-08 07:05:09,085 [INFO] PluginManager:220 - loadIPPluginJar : add plateformsettings
2024-10-08 07:05:09,089 [INFO] IPUIPlugin:80 - create IPUIPlugin
2024-10-08 07:05:09,090 [INFO] PluginManager:220 - loadIPPluginJar : add quadspi
2024-10-08 07:05:09,095 [INFO] IPUIPlugin:80 - create IPUIPlugin
2024-10-08 07:05:09,097 [INFO] PluginManager:220 - loadIPPluginJar : add radio
2024-10-08 07:05:09,122 [INFO] IPUIPlugin:80 - create IPUIPlugin
2024-10-08 07:05:09,123 [INFO] PluginManager:220 - loadIPPluginJar : add resmgrutility
2024-10-08 07:05:09,131 [INFO] IPUIPlugin:80 - create IPUIPlugin
2024-10-08 07:05:09,132 [INFO] PluginManager:220 - loadIPPluginJar : add sai
2024-10-08 07:05:09,137 [INFO] IPUIPlugin:80 - create IPUIPlugin
2024-10-08 07:05:09,137 [INFO] PluginManager:220 - loadIPPluginJar : add spi
2024-10-08 07:05:09,149 [INFO] IPUIPlugin:80 - create IPUIPlugin
2024-10-08 07:05:09,149 [INFO] PluginManager:220 - loadIPPluginJar : add stm32_wpan
2024-10-08 07:05:09,154 [INFO] IPUIPlugin:80 - create IPUIPlugin
2024-10-08 07:05:09,154 [INFO] PluginManager:220 - loadIPPluginJar : add tim
2024-10-08 07:05:09,162 [INFO] IPUIPlugin:80 - create IPUIPlugin
2024-10-08 07:05:09,163 [INFO] PluginManager:220 - loadIPPluginJar : add touchsensing
2024-10-08 07:05:09,167 [INFO] IPUIPlugin:80 - create IPUIPlugin
2024-10-08 07:05:09,168 [INFO] PluginManager:220 - loadIPPluginJar : add tracer_emb
2024-10-08 07:05:09,174 [INFO] IPUIPlugin:80 - create IPUIPlugin
2024-10-08 07:05:09,175 [INFO] PluginManager:220 - loadIPPluginJar : add ts
2024-10-08 07:05:09,179 [INFO] IPUIPlugin:80 - create IPUIPlugin
2024-10-08 07:05:09,179 [INFO] PluginManager:220 - loadIPPluginJar : add tsc
2024-10-08 07:05:09,183 [INFO] IPUIPlugin:80 - create IPUIPlugin
2024-10-08 07:05:09,184 [INFO] PluginManager:220 - loadIPPluginJar : add ucpd
2024-10-08 07:05:09,189 [INFO] IPUIPlugin:80 - create IPUIPlugin
2024-10-08 07:05:09,190 [INFO] PluginManager:220 - loadIPPluginJar : add usart
2024-10-08 07:05:09,196 [INFO] IPUIPlugin:80 - create IPUIPlugin
2024-10-08 07:05:09,197 [INFO] PluginManager:220 - loadIPPluginJar : add usbx
2024-10-08 07:05:09,431 [INFO] CADModel:165 - CPN selected for project level
2024-10-08 07:05:09,431 [INFO] CADModel:114 - Register for checkConnection events
2024-10-08 07:05:09,432 [FATAL] Updater:334 - Updater called before beeing initialized
2024-10-08 07:05:09,432 [ERROR] CADModel:125 - Updater not yet initialized, retry later 
