2024-10-05 17:27:19,420 [INFO] Activator:176 - 


2024-10-05 17:27:19,428 [INFO] Activator:177 - !SESSION log4j initialized
2024-10-05 17:27:26,016 [INFO] LogOutputStream:77 - [STDOUT_REDIRECT] 
2024-10-05 17:27:32,639 [INFO] ApplicationProperties:184 - Using Application install path: D:\STM32\STM32CubeIDE_1.16.0\STM32CubeIDE\plugins\com.st.stm32cube.common.mx_6.12.0.202406281431
2024-10-05 17:27:32,662 [INFO] DbMcusXml:78 - Set database path to: D:\STM32\STM32CubeIDE_1.16.0\STM32CubeIDE\plugins\com.st.stm32cube.common.mx_6.12.0.202406281431\\db\/mcu/
2024-10-05 17:27:32,662 [INFO] ApiDb:274 - Set plugin database path to: D:\STM32\STM32CubeIDE_1.16.0\STM32CubeIDE\plugins\com.st.stm32cube.common.mx_6.12.0.202406281431\\db\/plugins/boardmanager/
2024-10-05 17:27:32,662 [WARN] ApiDb:259 - Overriding images path with different value:  => D:\STM32\STM32CubeIDE_1.16.0\STM32CubeIDE\plugins\com.st.stm32cube.common.mx_6.12.0.202406281431\\db\/plugins/mcufinder/images/
2024-10-05 17:27:32,674 [INFO] ApiDb:250 - Set database path to: C:\Users\Asus\.stmcufinder\plugins\mcufinder//mcu/
2024-10-05 17:27:32,675 [INFO] DbMcusAds:125 - Set database path to: C:\Users\Asus\.stmcufinder\plugins\mcufinder//mcu/
2024-10-05 17:27:32,678 [INFO] CrossReferenceDbSqlite:203 - Set database path to: C:\Users\Asus\.stmcufinder\plugins\mcufinder//mcu/cs/
2024-10-05 17:27:32,801 [INFO] RulesReader:64 - Compatibility file has been processed (297 Rules)
2024-10-05 17:27:32,894 [INFO] DbMcusXml:78 - Set database path to: D:\STM32\STM32CubeIDE_1.16.0\STM32CubeIDE\plugins\com.st.stm32cube.common.mx_6.12.0.202406281431\\db\/mcu/
2024-10-05 17:27:32,894 [INFO] ApiDb:274 - Set plugin database path to: D:\STM32\STM32CubeIDE_1.16.0\STM32CubeIDE\plugins\com.st.stm32cube.common.mx_6.12.0.202406281431\\db\/plugins/boardmanager/
2024-10-05 17:27:32,895 [INFO] ApiDb:261 - Set plugin images path to: D:\STM32\STM32CubeIDE_1.16.0\STM32CubeIDE\plugins\com.st.stm32cube.common.mx_6.12.0.202406281431\\db\/plugins/mcufinder/images/
2024-10-05 17:27:32,896 [WARN] DbFile:41 - Overriding database path with different value: C:\Users\Asus\.stmcufinder\plugins\mcufinder/ => C:\Users\Asus\.stmcufinder\plugins\mcufinder
2024-10-05 17:27:32,896 [INFO] ApiDb:250 - Set database path to: C:\Users\Asus\.stmcufinder\plugins\mcufinder//mcu/
2024-10-05 17:27:32,896 [WARN] DbFile:41 - Overriding database path with different value: C:\Users\Asus\.stmcufinder\plugins\mcufinder/ => C:\Users\Asus\.stmcufinder\plugins\mcufinder
2024-10-05 17:27:32,896 [INFO] DbMcusAds:125 - Set database path to: C:\Users\Asus\.stmcufinder\plugins\mcufinder//mcu/
2024-10-05 17:27:32,896 [WARN] DbFile:41 - Overriding database path with different value: C:\Users\Asus\.stmcufinder\plugins\mcufinder/ => C:\Users\Asus\.stmcufinder\plugins\mcufinder
2024-10-05 17:27:32,896 [WARN] DbFile:41 - Overriding database path with different value: C:\Users\Asus\.stmcufinder\plugins\mcufinder/ => C:\Users\Asus\.stmcufinder\plugins\mcufinder
2024-10-05 17:27:32,896 [INFO] CrossReferenceDbSqlite:203 - Set database path to: C:\Users\Asus\.stmcufinder\plugins\mcufinder//mcu/cs/
2024-10-05 17:27:32,988 [INFO] MainPanel:268 - HeapMemory: 268435456
2024-10-05 17:27:33,095 [INFO] DbMcusXml:78 - Set database path to: D:\STM32\STM32CubeIDE_1.16.0\STM32CubeIDE\plugins\com.st.stm32cube.common.mx_6.12.0.202406281431\\db\/mcu/
2024-10-05 17:27:33,095 [INFO] ApiDb:274 - Set plugin database path to: D:\STM32\STM32CubeIDE_1.16.0\STM32CubeIDE\plugins\com.st.stm32cube.common.mx_6.12.0.202406281431\\db\/plugins/boardmanager/
2024-10-05 17:27:33,095 [INFO] ApiDb:261 - Set plugin images path to: D:\STM32\STM32CubeIDE_1.16.0\STM32CubeIDE\plugins\com.st.stm32cube.common.mx_6.12.0.202406281431\\db\/plugins/mcufinder/images/
2024-10-05 17:27:33,095 [WARN] DbFile:41 - Overriding database path with different value: C:\Users\Asus\.stmcufinder\plugins\mcufinder/ => C:\Users\Asus\.stmcufinder\plugins\mcufinder
2024-10-05 17:27:33,095 [INFO] ApiDb:250 - Set database path to: C:\Users\Asus\.stmcufinder\plugins\mcufinder//mcu/
2024-10-05 17:27:33,096 [WARN] DbFile:41 - Overriding database path with different value: C:\Users\Asus\.stmcufinder\plugins\mcufinder/ => C:\Users\Asus\.stmcufinder\plugins\mcufinder
2024-10-05 17:27:33,096 [INFO] DbMcusAds:125 - Set database path to: C:\Users\Asus\.stmcufinder\plugins\mcufinder//mcu/
2024-10-05 17:27:33,096 [WARN] DbFile:41 - Overriding database path with different value: C:\Users\Asus\.stmcufinder\plugins\mcufinder/ => C:\Users\Asus\.stmcufinder\plugins\mcufinder
2024-10-05 17:27:33,096 [WARN] DbFile:41 - Overriding database path with different value: C:\Users\Asus\.stmcufinder\plugins\mcufinder/ => C:\Users\Asus\.stmcufinder\plugins\mcufinder
2024-10-05 17:27:33,096 [INFO] CrossReferenceDbSqlite:203 - Set database path to: C:\Users\Asus\.stmcufinder\plugins\mcufinder//mcu/cs/
2024-10-05 17:27:33,116 [INFO] ApplicationProperties:184 - Using Application install path: D:\STM32\STM32CubeIDE_1.16.0\STM32CubeIDE\plugins\com.st.stm32cube.common.mx_6.12.0.202406281431
2024-10-05 17:27:33,117 [INFO] PluginManage:196 - Search for loadable plugins [exclusion list=, ]
2024-10-05 17:27:33,119 [INFO] PluginManage:310 - Check plugin analytics
2024-10-05 17:27:38,323 [INFO] AnalyticsPlugin:253 - Accepted Software Licenses: 
2024-10-05 17:27:38,324 [INFO] AnalyticsPlugin:255 - Accepted CMSIS Pack Licenses: 
2024-10-05 17:27:38,324 [INFO] AnalyticsPlugin:257 - Accepted Firmware Licenses: 
2024-10-05 17:27:38,327 [INFO] PluginManage:359 - Loaded plugin analytics (category:tool,tabindex:-1)
2024-10-05 17:27:38,328 [INFO] PluginManage:310 - Check plugin cadmodel
2024-10-05 17:27:38,344 [INFO] CADModel:105 - Init CAD model plugin
2024-10-05 17:27:38,344 [INFO] PluginManage:359 - Loaded plugin cadmodel (category:power,tabindex:5)
2024-10-05 17:27:38,344 [INFO] PluginManage:310 - Check plugin clock
2024-10-05 17:27:38,364 [INFO] PluginManage:359 - Loaded plugin clock (category:base,tabindex:2)
2024-10-05 17:27:38,364 [INFO] PluginManage:310 - Check plugin ddr
2024-10-05 17:27:38,367 [INFO] PluginManage:359 - Loaded plugin ddr (category:tool,tabindex:6)
2024-10-05 17:27:38,368 [INFO] PluginManage:310 - Check plugin filemanager
2024-10-05 17:27:38,556 [INFO] PluginManage:359 - Loaded plugin filemanager (category:base,tabindex:10)
2024-10-05 17:27:38,556 [INFO] PluginManage:310 - Check plugin ipmanager
2024-10-05 17:27:38,565 [INFO] PluginManage:359 - Loaded plugin ipmanager (category:base,tabindex:5)
2024-10-05 17:27:38,565 [INFO] PluginManage:310 - Check plugin lpbam
2024-10-05 17:27:38,589 [INFO] PluginManage:359 - Loaded plugin lpbam (category:base,tabindex:0)
2024-10-05 17:27:38,590 [INFO] PluginManage:310 - Check plugin memorymap
2024-10-05 17:27:38,621 [INFO] PluginManage:359 - Loaded plugin memorymap (category:base,tabindex:4)
2024-10-05 17:27:38,621 [INFO] PluginManage:310 - Check plugin pinoutandconfiguration
2024-10-05 17:27:38,642 [INFO] PluginManage:359 - Loaded plugin pinoutandconfiguration (category:base,tabindex:1)
2024-10-05 17:27:38,642 [INFO] PluginManage:310 - Check plugin pinoutconfig
2024-10-05 17:27:38,746 [WARN] SupportedApi:132 - Cannot load RTOS API schema: s4s-elt-must-match.1: The content of 'definitions' must match (annotation?, (simpleType | complexType)?, (unique | key | keyref)*)). A problem was found starting at: attribute.
2024-10-05 17:27:38,890 [INFO] PluginManage:359 - Loaded plugin pinoutconfig (category:base,tabindex:0)
2024-10-05 17:27:38,891 [INFO] PluginManage:310 - Check plugin power
2024-10-05 17:27:38,911 [INFO] PluginManage:359 - Loaded plugin power (category:power,tabindex:4)
2024-10-05 17:27:38,911 [INFO] PluginManage:310 - Check plugin projectmanager
2024-10-05 17:27:38,931 [INFO] PluginManage:359 - Loaded plugin projectmanager (category:projectmanager,tabindex:4)
2024-10-05 17:27:38,931 [INFO] PluginManage:310 - Check plugin rif
2024-10-05 17:27:38,945 [INFO] PluginManage:359 - Loaded plugin rif (category:base,tabindex:3)
2024-10-05 17:27:38,946 [INFO] PluginManage:310 - Check plugin thirdparty
2024-10-05 17:27:39,291 [INFO] PluginManage:359 - Loaded plugin thirdparty (category:base,tabindex:-1)
2024-10-05 17:27:39,291 [WARN] IntegrityCheckThread:84 - waiting for thirdparty lock release [integrity check]
2024-10-05 17:27:39,292 [INFO] IntegrityCheckThread:86 - entering critical section [integrity check]
2024-10-05 17:27:39,292 [INFO] PluginManage:310 - Check plugin tools
2024-10-05 17:27:39,293 [INFO] ThirdPartyUpdaterWithRetryManager:70 - Updater plugin not ready yet. [1/15]
2024-10-05 17:27:39,331 [INFO] PluginManage:359 - Loaded plugin tools (category:base,tabindex:7)
2024-10-05 17:27:39,331 [INFO] PluginManage:310 - Check plugin tutovideos
2024-10-05 17:27:39,552 [INFO] PluginManage:359 - Loaded plugin tutovideos (category:base,tabindex:-1)
2024-10-05 17:27:39,553 [INFO] PluginManage:310 - Check plugin updater
2024-10-05 17:27:39,571 [INFO] PluginManage:359 - Loaded plugin updater (category:base,tabindex:12)
2024-10-05 17:27:39,571 [INFO] PluginManage:310 - Check plugin userauth
2024-10-05 17:27:39,577 [INFO] UserAuth:113 - Init User Auth plugin
2024-10-05 17:27:39,577 [INFO] PluginManage:359 - Loaded plugin userauth (category:base,tabindex:14)
2024-10-05 17:27:39,578 [INFO] PluginManage:283 - PluginManage : Loaded plugins [18]
2024-10-05 17:27:39,841 [INFO] PinOutPanel:1561 - setPackage(No Configuration,No Configuration)
2024-10-05 17:27:39,937 [INFO] CADModel:165 - CPN selected for project level
2024-10-05 17:27:39,937 [INFO] CADModel:114 - Register for checkConnection events
2024-10-05 17:27:39,965 [INFO] IPUIPlugin:80 - create IPUIPlugin
2024-10-05 17:27:39,965 [INFO] PluginManager:220 - loadIPPluginJar : add adc
2024-10-05 17:27:40,005 [INFO] IPUIPlugin:80 - create IPUIPlugin
2024-10-05 17:27:40,005 [INFO] PluginManager:220 - loadIPPluginJar : add aes
2024-10-05 17:27:40,051 [INFO] IPUIPlugin:80 - create IPUIPlugin
2024-10-05 17:27:40,051 [INFO] PluginManager:220 - loadIPPluginJar : add can
2024-10-05 17:27:40,076 [INFO] IPUIPlugin:80 - create IPUIPlugin
2024-10-05 17:27:40,076 [INFO] PluginManager:220 - loadIPPluginJar : add comp
2024-10-05 17:27:40,113 [INFO] IPUIPlugin:80 - create IPUIPlugin
2024-10-05 17:27:40,113 [INFO] PluginManager:220 - loadIPPluginJar : add cryp
2024-10-05 17:27:40,126 [INFO] IPUIPlugin:80 - create IPUIPlugin
2024-10-05 17:27:40,126 [INFO] PluginManager:220 - loadIPPluginJar : add ddr_ctrl_phy
2024-10-05 17:27:40,160 [INFO] IPUIPlugin:80 - create IPUIPlugin
2024-10-05 17:27:40,160 [INFO] PluginManager:220 - loadIPPluginJar : add dfsdm
2024-10-05 17:27:40,176 [INFO] IPUIPlugin:80 - create IPUIPlugin
2024-10-05 17:27:40,176 [INFO] PluginManager:220 - loadIPPluginJar : add dma
2024-10-05 17:27:40,225 [INFO] IPUIPlugin:80 - create IPUIPlugin
2024-10-05 17:27:40,225 [INFO] PluginManager:220 - loadIPPluginJar : add dma3
2024-10-05 17:27:40,274 [INFO] IPUIPlugin:80 - create IPUIPlugin
2024-10-05 17:27:40,274 [INFO] PluginManager:220 - loadIPPluginJar : add extmemmanager
2024-10-05 17:27:40,305 [INFO] IPUIPlugin:80 - create IPUIPlugin
2024-10-05 17:27:40,306 [INFO] PluginManager:220 - loadIPPluginJar : add fatfs
2024-10-05 17:27:40,358 [INFO] IPUIPlugin:80 - create IPUIPlugin
2024-10-05 17:27:40,358 [INFO] PluginManager:220 - loadIPPluginJar : add fmc
2024-10-05 17:27:40,375 [INFO] IPUIPlugin:80 - create IPUIPlugin
2024-10-05 17:27:40,375 [INFO] PluginManager:220 - loadIPPluginJar : add freertos
2024-10-05 17:27:40,399 [INFO] IPUIPlugin:80 - create IPUIPlugin
2024-10-05 17:27:40,399 [INFO] PluginManager:220 - loadIPPluginJar : add genericplugin
2024-10-05 17:27:40,514 [INFO] IPUIPlugin:80 - create IPUIPlugin
2024-10-05 17:27:40,514 [INFO] PluginManager:220 - loadIPPluginJar : add gfxmmu
2024-10-05 17:27:40,711 [INFO] IPUIPlugin:80 - create IPUIPlugin
2024-10-05 17:27:40,711 [INFO] PluginManager:220 - loadIPPluginJar : add gic
2024-10-05 17:27:40,726 [INFO] IPUIPlugin:80 - create IPUIPlugin
2024-10-05 17:27:40,726 [INFO] PluginManager:220 - loadIPPluginJar : add gpio
2024-10-05 17:27:40,851 [INFO] IPUIPlugin:80 - create IPUIPlugin
2024-10-05 17:27:40,851 [INFO] PluginManager:220 - loadIPPluginJar : add gtzc
2024-10-05 17:27:40,892 [INFO] IPUIPlugin:80 - create IPUIPlugin
2024-10-05 17:27:40,892 [INFO] PluginManager:220 - loadIPPluginJar : add hash
2024-10-05 17:27:40,948 [INFO] IPUIPlugin:80 - create IPUIPlugin
2024-10-05 17:27:40,949 [INFO] PluginManager:220 - loadIPPluginJar : add i2c
2024-10-05 17:27:40,989 [INFO] IPUIPlugin:80 - create IPUIPlugin
2024-10-05 17:27:40,989 [INFO] PluginManager:220 - loadIPPluginJar : add i2s
2024-10-05 17:27:41,038 [INFO] IPUIPlugin:80 - create IPUIPlugin
2024-10-05 17:27:41,038 [INFO] PluginManager:220 - loadIPPluginJar : add i3c
2024-10-05 17:27:41,150 [INFO] IPUIPlugin:80 - create IPUIPlugin
2024-10-05 17:27:41,150 [INFO] PluginManager:220 - loadIPPluginJar : add ipddr
2024-10-05 17:27:41,256 [INFO] IPUIPlugin:80 - create IPUIPlugin
2024-10-05 17:27:41,256 [INFO] PluginManager:220 - loadIPPluginJar : add linkedlist
2024-10-05 17:27:41,294 [INFO] IPUIPlugin:80 - create IPUIPlugin
2024-10-05 17:27:41,294 [INFO] PluginManager:220 - loadIPPluginJar : add lorawan
2024-10-05 17:27:41,336 [INFO] IPUIPlugin:80 - create IPUIPlugin
2024-10-05 17:27:41,336 [INFO] PluginManager:220 - loadIPPluginJar : add ltdc
2024-10-05 17:27:41,352 [INFO] IPUIPlugin:80 - create IPUIPlugin
2024-10-05 17:27:41,352 [INFO] PluginManager:220 - loadIPPluginJar : add mdma
2024-10-05 17:27:41,364 [INFO] IPUIPlugin:80 - create IPUIPlugin
2024-10-05 17:27:41,364 [INFO] PluginManager:220 - loadIPPluginJar : add nvic
2024-10-05 17:27:41,403 [INFO] IPUIPlugin:80 - create IPUIPlugin
2024-10-05 17:27:41,403 [INFO] PluginManager:220 - loadIPPluginJar : add opamp
2024-10-05 17:27:41,465 [INFO] IPUIPlugin:80 - create IPUIPlugin
2024-10-05 17:27:41,465 [INFO] PluginManager:220 - loadIPPluginJar : add openamp
2024-10-05 17:27:41,512 [INFO] IPUIPlugin:80 - create IPUIPlugin
2024-10-05 17:27:41,512 [INFO] PluginManager:220 - loadIPPluginJar : add pdm2pcm
2024-10-05 17:27:41,533 [INFO] IPUIPlugin:80 - create IPUIPlugin
2024-10-05 17:27:41,536 [INFO] PluginManager:220 - loadIPPluginJar : add plateformsettings
2024-10-05 17:27:41,560 [INFO] IPUIPlugin:80 - create IPUIPlugin
2024-10-05 17:27:41,560 [INFO] PluginManager:220 - loadIPPluginJar : add quadspi
2024-10-05 17:27:41,598 [INFO] IPUIPlugin:80 - create IPUIPlugin
2024-10-05 17:27:41,599 [INFO] PluginManager:220 - loadIPPluginJar : add radio
2024-10-05 17:27:41,614 [INFO] IPUIPlugin:80 - create IPUIPlugin
2024-10-05 17:27:41,614 [INFO] PluginManager:220 - loadIPPluginJar : add resmgrutility
2024-10-05 17:27:41,688 [INFO] IPUIPlugin:80 - create IPUIPlugin
2024-10-05 17:27:41,688 [INFO] PluginManager:220 - loadIPPluginJar : add sai
2024-10-05 17:27:41,741 [INFO] IPUIPlugin:80 - create IPUIPlugin
2024-10-05 17:27:41,741 [INFO] PluginManager:220 - loadIPPluginJar : add spi
2024-10-05 17:27:41,817 [INFO] IPUIPlugin:80 - create IPUIPlugin
2024-10-05 17:27:41,817 [INFO] PluginManager:220 - loadIPPluginJar : add stm32_wpan
2024-10-05 17:27:41,844 [INFO] IPUIPlugin:80 - create IPUIPlugin
2024-10-05 17:27:41,845 [INFO] PluginManager:220 - loadIPPluginJar : add tim
2024-10-05 17:27:41,912 [INFO] IPUIPlugin:80 - create IPUIPlugin
2024-10-05 17:27:41,912 [INFO] PluginManager:220 - loadIPPluginJar : add touchsensing
2024-10-05 17:27:41,940 [INFO] IPUIPlugin:80 - create IPUIPlugin
2024-10-05 17:27:41,940 [INFO] PluginManager:220 - loadIPPluginJar : add tracer_emb
2024-10-05 17:27:41,967 [INFO] IPUIPlugin:80 - create IPUIPlugin
2024-10-05 17:27:41,968 [INFO] PluginManager:220 - loadIPPluginJar : add ts
2024-10-05 17:27:41,992 [INFO] IPUIPlugin:80 - create IPUIPlugin
2024-10-05 17:27:41,992 [INFO] PluginManager:220 - loadIPPluginJar : add tsc
2024-10-05 17:27:42,020 [INFO] IPUIPlugin:80 - create IPUIPlugin
2024-10-05 17:27:42,020 [INFO] PluginManager:220 - loadIPPluginJar : add ucpd
2024-10-05 17:27:42,078 [INFO] IPUIPlugin:80 - create IPUIPlugin
2024-10-05 17:27:42,078 [INFO] PluginManager:220 - loadIPPluginJar : add usart
2024-10-05 17:27:42,132 [INFO] IPUIPlugin:80 - create IPUIPlugin
2024-10-05 17:27:42,132 [INFO] PluginManager:220 - loadIPPluginJar : add usbx
2024-10-05 17:27:42,274 [INFO] CADModel:165 - CPN selected for project level
2024-10-05 17:27:42,274 [INFO] CADModel:114 - Register for checkConnection events
2024-10-05 17:27:42,276 [FATAL] Updater:334 - Updater called before beeing initialized
2024-10-05 17:27:42,276 [ERROR] CADModel:125 - Updater not yet initialized, retry later 
2024-10-05 17:27:42,294 [INFO] ThirdPartyUpdaterWithRetryManager:70 - Updater plugin not ready yet. [2/15]
2024-10-05 17:27:42,423 [INFO] CADModel:165 - CPN selected for project level
2024-10-05 17:27:42,423 [INFO] CADModel:114 - Register for checkConnection events
2024-10-05 17:27:42,423 [FATAL] Updater:334 - Updater called before beeing initialized
2024-10-05 17:27:42,423 [ERROR] CADModel:125 - Updater not yet initialized, retry later 
2024-10-05 17:27:42,428 [FATAL] Updater:334 - Updater called before beeing initialized
2024-10-05 17:27:42,544 [FATAL] Updater:334 - Updater called before beeing initialized
2024-10-05 17:27:42,558 [INFO] DbMcusAds:53 - JSON generation date=Fri Sep 20 20:04:23 ICT 2024 (1726837463113)
2024-10-05 17:27:42,559 [FATAL] Updater:334 - Updater called before beeing initialized
2024-10-05 17:27:42,646 [WARN] DetailPanel:346 - Failed to get advertising image, set to default
2024-10-05 17:27:42,725 [FATAL] Updater:334 - Updater called before beeing initialized
2024-10-05 17:27:42,729 [FATAL] Updater:334 - Updater called before beeing initialized
2024-10-05 17:27:42,729 [FATAL] Updater:334 - Updater called before beeing initialized
2024-10-05 17:27:42,729 [WARN] DetailPanel:346 - Failed to get advertising image, set to default
2024-10-05 17:27:42,730 [FATAL] Updater:334 - Updater called before beeing initialized
2024-10-05 17:27:42,798 [ERROR] Updater:1164 - MainUpdater not yet initialized. External WinMGr cannot be set.
2024-10-05 17:27:42,811 [INFO] Updater:1100 - Updater Version found : 6.12.0
2024-10-05 17:27:42,836 [INFO] ApplicationProperties:184 - Using Application install path: D:\STM32\STM32CubeIDE_1.16.0\STM32CubeIDE\plugins\com.st.stm32cube.common.mx_6.12.0.202406281431
2024-10-05 17:27:44,431 [ERROR] LogOutputStream:75 - [STDERR_REDIRECT] Oct 05, 2024 5:27:44 PM java.util.prefs.WindowsPreferences <init>
2024-10-05 17:27:44,433 [ERROR] LogOutputStream:75 - [STDERR_REDIRECT] WARNING: Could not open/create prefs root node Software\JavaSoft\Prefs at root 0xffffffff80000002. Windows RegCreateKeyEx(...) returned error code 5.
2024-10-05 17:27:44,433 [ERROR] LogOutputStream:75 - [STDERR_REDIRECT] 
2024-10-05 17:27:44,890 [INFO] MainUpdater:2873 - connection check result : 10
2024-10-05 17:27:44,891 [INFO] MainUpdater:3567 - Updater definition file requires update
2024-10-05 17:27:45,295 [FATAL] Updater:334 - Updater called before beeing initialized
2024-10-05 17:27:45,297 [ERROR] IntegrityCheckThread:130 - Cannot retrieve database content from updater: error 21
2024-10-05 17:27:45,297 [INFO] ThirdParty:978 - Integrity check success = false
2024-10-05 17:27:45,298 [INFO] IntegrityCheckThread:100 - exiting critical section [integrity check]
2024-10-05 17:27:45,298 [INFO] IntegrityCheckThread:103 - End integrity checks thread
2024-10-05 17:28:43,003 [INFO] MainUpdater:290 - Updater Check For Update Now.
2024-10-05 17:28:43,003 [INFO] MicroXplorer:498 - Change Database Version : DB.6.0.120
2024-10-05 17:28:43,024 [INFO] McuFinderGlobals:63 - Set McuFinder mode to 2 (CubeIDE integrated)
2024-10-05 17:28:43,024 [INFO] UserAuth:179 - activating auth plugin
2024-10-05 17:28:43,031 [INFO] UserAuth:417 - Internet connection configuration mode: 1
2024-10-05 17:28:43,080 [INFO] JxBrowserEngine:152 - Initiate JxBrowser Engine with user profile folder
2024-10-05 17:28:43,217 [INFO] CheckServerUpdateThread:120 - End of CheckServer Thread
2024-10-05 17:28:43,703 [INFO] WebApp:167 - Instantiating new browser for Auth
2024-10-05 17:28:44,442 [INFO] WebApp:448 - Apply proxy settings
2024-10-05 17:28:44,443 [INFO] WebApp:533 - Chromium requires no authentication
2024-10-05 17:28:44,453 [INFO] WebApp:476 - Direct internet connection detected
2024-10-05 17:28:44,474 [INFO] WebApp:869 - Register for checkConnection events
2024-10-05 17:28:44,475 [INFO] WebApp:448 - Apply proxy settings
2024-10-05 17:28:44,475 [INFO] WebApp:533 - Chromium requires no authentication
2024-10-05 17:28:44,475 [INFO] WebApp:476 - Direct internet connection detected
2024-10-05 17:28:44,640 [INFO] WebApp:220 - Starting web application
2024-10-05 17:28:44,641 [INFO] WebApp:578 - Web application path used D:\STM32\STM32CubeIDE_1.16.0\STM32CubeIDE\plugins\com.st.stm32cube.common.mx_6.12.0.202406281431\db\plugins\mcufinder\reactClient1\index.html
2024-10-05 17:28:46,834 [INFO] WebApp:186 - Connection restablished
2024-10-05 20:06:44,850 [INFO] WebApp:189 - Connection lost
2024-10-05 20:06:45,017 [INFO] WebApp:186 - Connection restablished
2024-10-05 20:17:49,829 [INFO] WebApp:189 - Connection lost
2024-10-05 20:17:55,886 [INFO] WebApp:186 - Connection restablished
2024-10-05 20:24:45,187 [INFO] WebApp:189 - Connection lost
2024-10-05 20:24:51,443 [INFO] WebApp:186 - Connection restablished
2024-10-05 20:32:51,596 [INFO] WebApp:189 - Connection lost
2024-10-05 20:32:57,993 [INFO] WebApp:186 - Connection restablished
2024-10-05 21:11:54,904 [INFO] WebApp:189 - Connection lost
2024-10-05 21:12:00,878 [INFO] WebApp:186 - Connection restablished
2024-10-05 23:14:40,466 [ERROR] LogOutputStream:75 - [STDERR_REDIRECT] 
