2024-10-05 17:27:20,939 [INFO] Activator:176 - 


2024-10-05 17:27:20,941 [INFO] Activator:177 - !SESSION log4j initialized
2024-10-05 17:27:25,518 [INFO] LogOutputStream:77 - [STDOUT_REDIRECT] 
2024-10-05 17:27:32,671 [INFO] ApplicationProperties:184 - Using Application install path: D:\STM32\STM32CubeIDE_1.16.0\STM32CubeIDE\plugins\com.st.stm32cube.common.mx_6.12.0.202406281431
2024-10-05 17:27:32,689 [INFO] DbMcusXml:78 - Set database path to: D:\STM32\STM32CubeIDE_1.16.0\STM32CubeIDE\plugins\com.st.stm32cube.common.mx_6.12.0.202406281431\\db\/mcu/
2024-10-05 17:27:32,690 [INFO] ApiDb:274 - Set plugin database path to: D:\STM32\STM32CubeIDE_1.16.0\STM32CubeIDE\plugins\com.st.stm32cube.common.mx_6.12.0.202406281431\\db\/plugins/boardmanager/
2024-10-05 17:27:32,691 [WARN] ApiDb:259 - Overriding images path with different value:  => D:\STM32\STM32CubeIDE_1.16.0\STM32CubeIDE\plugins\com.st.stm32cube.common.mx_6.12.0.202406281431\\db\/plugins/mcufinder/images/
2024-10-05 17:27:32,696 [INFO] ApiDb:250 - Set database path to: C:\Users\Asus\.stmcufinder\plugins\mcufinder//mcu/
2024-10-05 17:27:32,697 [INFO] DbMcusAds:125 - Set database path to: C:\Users\Asus\.stmcufinder\plugins\mcufinder//mcu/
2024-10-05 17:27:32,699 [INFO] CrossReferenceDbSqlite:203 - Set database path to: C:\Users\Asus\.stmcufinder\plugins\mcufinder//mcu/cs/
2024-10-05 17:27:32,831 [INFO] RulesReader:64 - Compatibility file has been processed (297 Rules)
2024-10-05 17:27:32,912 [INFO] DbMcusXml:78 - Set database path to: D:\STM32\STM32CubeIDE_1.16.0\STM32CubeIDE\plugins\com.st.stm32cube.common.mx_6.12.0.202406281431\\db\/mcu/
2024-10-05 17:27:32,912 [INFO] ApiDb:274 - Set plugin database path to: D:\STM32\STM32CubeIDE_1.16.0\STM32CubeIDE\plugins\com.st.stm32cube.common.mx_6.12.0.202406281431\\db\/plugins/boardmanager/
2024-10-05 17:27:32,912 [INFO] ApiDb:261 - Set plugin images path to: D:\STM32\STM32CubeIDE_1.16.0\STM32CubeIDE\plugins\com.st.stm32cube.common.mx_6.12.0.202406281431\\db\/plugins/mcufinder/images/
2024-10-05 17:27:32,913 [WARN] DbFile:41 - Overriding database path with different value: C:\Users\Asus\.stmcufinder\plugins\mcufinder/ => C:\Users\Asus\.stmcufinder\plugins\mcufinder
2024-10-05 17:27:32,913 [INFO] ApiDb:250 - Set database path to: C:\Users\Asus\.stmcufinder\plugins\mcufinder//mcu/
2024-10-05 17:27:32,913 [WARN] DbFile:41 - Overriding database path with different value: C:\Users\Asus\.stmcufinder\plugins\mcufinder/ => C:\Users\Asus\.stmcufinder\plugins\mcufinder
2024-10-05 17:27:32,913 [INFO] DbMcusAds:125 - Set database path to: C:\Users\Asus\.stmcufinder\plugins\mcufinder//mcu/
2024-10-05 17:27:32,913 [WARN] DbFile:41 - Overriding database path with different value: C:\Users\Asus\.stmcufinder\plugins\mcufinder/ => C:\Users\Asus\.stmcufinder\plugins\mcufinder
2024-10-05 17:27:32,913 [WARN] DbFile:41 - Overriding database path with different value: C:\Users\Asus\.stmcufinder\plugins\mcufinder/ => C:\Users\Asus\.stmcufinder\plugins\mcufinder
2024-10-05 17:27:32,913 [INFO] CrossReferenceDbSqlite:203 - Set database path to: C:\Users\Asus\.stmcufinder\plugins\mcufinder//mcu/cs/
2024-10-05 17:27:32,991 [INFO] MainPanel:268 - HeapMemory: 268435456
2024-10-05 17:27:33,095 [INFO] DbMcusXml:78 - Set database path to: D:\STM32\STM32CubeIDE_1.16.0\STM32CubeIDE\plugins\com.st.stm32cube.common.mx_6.12.0.202406281431\\db\/mcu/
2024-10-05 17:27:33,095 [INFO] ApiDb:274 - Set plugin database path to: D:\STM32\STM32CubeIDE_1.16.0\STM32CubeIDE\plugins\com.st.stm32cube.common.mx_6.12.0.202406281431\\db\/plugins/boardmanager/
2024-10-05 17:27:33,095 [INFO] ApiDb:261 - Set plugin images path to: D:\STM32\STM32CubeIDE_1.16.0\STM32CubeIDE\plugins\com.st.stm32cube.common.mx_6.12.0.202406281431\\db\/plugins/mcufinder/images/
2024-10-05 17:27:33,096 [WARN] DbFile:41 - Overriding database path with different value: C:\Users\Asus\.stmcufinder\plugins\mcufinder/ => C:\Users\Asus\.stmcufinder\plugins\mcufinder
2024-10-05 17:27:33,096 [INFO] ApiDb:250 - Set database path to: C:\Users\Asus\.stmcufinder\plugins\mcufinder//mcu/
2024-10-05 17:27:33,096 [WARN] DbFile:41 - Overriding database path with different value: C:\Users\Asus\.stmcufinder\plugins\mcufinder/ => C:\Users\Asus\.stmcufinder\plugins\mcufinder
2024-10-05 17:27:33,096 [INFO] DbMcusAds:125 - Set database path to: C:\Users\Asus\.stmcufinder\plugins\mcufinder//mcu/
2024-10-05 17:27:33,097 [WARN] DbFile:41 - Overriding database path with different value: C:\Users\Asus\.stmcufinder\plugins\mcufinder/ => C:\Users\Asus\.stmcufinder\plugins\mcufinder
2024-10-05 17:27:33,097 [WARN] DbFile:41 - Overriding database path with different value: C:\Users\Asus\.stmcufinder\plugins\mcufinder/ => C:\Users\Asus\.stmcufinder\plugins\mcufinder
2024-10-05 17:27:33,097 [INFO] CrossReferenceDbSqlite:203 - Set database path to: C:\Users\Asus\.stmcufinder\plugins\mcufinder//mcu/cs/
2024-10-05 17:27:33,115 [INFO] ApplicationProperties:184 - Using Application install path: D:\STM32\STM32CubeIDE_1.16.0\STM32CubeIDE\plugins\com.st.stm32cube.common.mx_6.12.0.202406281431
2024-10-05 17:27:33,117 [INFO] PluginManage:196 - Search for loadable plugins [exclusion list=, ]
2024-10-05 17:27:33,119 [INFO] PluginManage:310 - Check plugin analytics
2024-10-05 17:27:38,357 [INFO] AnalyticsPlugin:253 - Accepted Software Licenses: 
2024-10-05 17:27:38,357 [INFO] AnalyticsPlugin:255 - Accepted CMSIS Pack Licenses: 
2024-10-05 17:27:38,357 [INFO] AnalyticsPlugin:257 - Accepted Firmware Licenses: 
2024-10-05 17:27:38,361 [INFO] PluginManage:359 - Loaded plugin analytics (category:tool,tabindex:-1)
2024-10-05 17:27:38,362 [INFO] PluginManage:310 - Check plugin cadmodel
2024-10-05 17:27:38,368 [INFO] CADModel:105 - Init CAD model plugin
2024-10-05 17:27:38,369 [INFO] PluginManage:359 - Loaded plugin cadmodel (category:power,tabindex:5)
2024-10-05 17:27:38,370 [INFO] PluginManage:310 - Check plugin clock
2024-10-05 17:27:38,381 [INFO] PluginManage:359 - Loaded plugin clock (category:base,tabindex:2)
2024-10-05 17:27:38,381 [INFO] PluginManage:310 - Check plugin ddr
2024-10-05 17:27:38,384 [INFO] PluginManage:359 - Loaded plugin ddr (category:tool,tabindex:6)
2024-10-05 17:27:38,384 [INFO] PluginManage:310 - Check plugin filemanager
2024-10-05 17:27:38,598 [INFO] PluginManage:359 - Loaded plugin filemanager (category:base,tabindex:10)
2024-10-05 17:27:38,598 [INFO] PluginManage:310 - Check plugin ipmanager
2024-10-05 17:27:38,607 [INFO] PluginManage:359 - Loaded plugin ipmanager (category:base,tabindex:5)
2024-10-05 17:27:38,608 [INFO] PluginManage:310 - Check plugin lpbam
2024-10-05 17:27:38,619 [INFO] PluginManage:359 - Loaded plugin lpbam (category:base,tabindex:0)
2024-10-05 17:27:38,619 [INFO] PluginManage:310 - Check plugin memorymap
2024-10-05 17:27:38,634 [INFO] PluginManage:359 - Loaded plugin memorymap (category:base,tabindex:4)
2024-10-05 17:27:38,634 [INFO] PluginManage:310 - Check plugin pinoutandconfiguration
2024-10-05 17:27:38,644 [INFO] PluginManage:359 - Loaded plugin pinoutandconfiguration (category:base,tabindex:1)
2024-10-05 17:27:38,644 [INFO] PluginManage:310 - Check plugin pinoutconfig
2024-10-05 17:27:38,754 [WARN] SupportedApi:132 - Cannot load RTOS API schema: s4s-elt-must-match.1: The content of 'definitions' must match (annotation?, (simpleType | complexType)?, (unique | key | keyref)*)). A problem was found starting at: attribute.
2024-10-05 17:27:38,899 [INFO] PluginManage:359 - Loaded plugin pinoutconfig (category:base,tabindex:0)
2024-10-05 17:27:38,899 [INFO] PluginManage:310 - Check plugin power
2024-10-05 17:27:38,912 [INFO] PluginManage:359 - Loaded plugin power (category:power,tabindex:4)
2024-10-05 17:27:38,913 [INFO] PluginManage:310 - Check plugin projectmanager
2024-10-05 17:27:38,934 [INFO] PluginManage:359 - Loaded plugin projectmanager (category:projectmanager,tabindex:4)
2024-10-05 17:27:38,934 [INFO] PluginManage:310 - Check plugin rif
2024-10-05 17:27:38,946 [INFO] PluginManage:359 - Loaded plugin rif (category:base,tabindex:3)
2024-10-05 17:27:38,946 [INFO] PluginManage:310 - Check plugin thirdparty
2024-10-05 17:27:39,297 [INFO] PluginManage:359 - Loaded plugin thirdparty (category:base,tabindex:-1)
2024-10-05 17:27:39,297 [WARN] IntegrityCheckThread:84 - waiting for thirdparty lock release [integrity check]
2024-10-05 17:27:39,298 [INFO] PluginManage:310 - Check plugin tools
2024-10-05 17:27:39,298 [INFO] IntegrityCheckThread:86 - entering critical section [integrity check]
2024-10-05 17:27:39,298 [INFO] ThirdPartyUpdaterWithRetryManager:70 - Updater plugin not ready yet. [1/15]
2024-10-05 17:27:39,331 [INFO] PluginManage:359 - Loaded plugin tools (category:base,tabindex:7)
2024-10-05 17:27:39,332 [INFO] PluginManage:310 - Check plugin tutovideos
2024-10-05 17:27:39,560 [INFO] PluginManage:359 - Loaded plugin tutovideos (category:base,tabindex:-1)
2024-10-05 17:27:39,560 [INFO] PluginManage:310 - Check plugin updater
2024-10-05 17:27:39,581 [INFO] PluginManage:359 - Loaded plugin updater (category:base,tabindex:12)
2024-10-05 17:27:39,581 [INFO] PluginManage:310 - Check plugin userauth
2024-10-05 17:27:39,590 [INFO] UserAuth:113 - Init User Auth plugin
2024-10-05 17:27:39,591 [INFO] PluginManage:359 - Loaded plugin userauth (category:base,tabindex:14)
2024-10-05 17:27:39,592 [INFO] PluginManage:283 - PluginManage : Loaded plugins [18]
2024-10-05 17:27:39,881 [INFO] PinOutPanel:1561 - setPackage(No Configuration,No Configuration)
2024-10-05 17:27:39,984 [INFO] CADModel:165 - CPN selected for project level
2024-10-05 17:27:39,984 [INFO] CADModel:114 - Register for checkConnection events
2024-10-05 17:27:40,003 [INFO] IPUIPlugin:80 - create IPUIPlugin
2024-10-05 17:27:40,003 [INFO] PluginManager:220 - loadIPPluginJar : add adc
2024-10-05 17:27:40,008 [INFO] IPUIPlugin:80 - create IPUIPlugin
2024-10-05 17:27:40,008 [INFO] PluginManager:220 - loadIPPluginJar : add aes
2024-10-05 17:27:40,051 [INFO] IPUIPlugin:80 - create IPUIPlugin
2024-10-05 17:27:40,052 [INFO] PluginManager:220 - loadIPPluginJar : add can
2024-10-05 17:27:40,076 [INFO] IPUIPlugin:80 - create IPUIPlugin
2024-10-05 17:27:40,077 [INFO] PluginManager:220 - loadIPPluginJar : add comp
2024-10-05 17:27:40,115 [INFO] IPUIPlugin:80 - create IPUIPlugin
2024-10-05 17:27:40,115 [INFO] PluginManager:220 - loadIPPluginJar : add cryp
2024-10-05 17:27:40,127 [INFO] IPUIPlugin:80 - create IPUIPlugin
2024-10-05 17:27:40,127 [INFO] PluginManager:220 - loadIPPluginJar : add ddr_ctrl_phy
2024-10-05 17:27:40,162 [INFO] IPUIPlugin:80 - create IPUIPlugin
2024-10-05 17:27:40,162 [INFO] PluginManager:220 - loadIPPluginJar : add dfsdm
2024-10-05 17:27:40,176 [INFO] IPUIPlugin:80 - create IPUIPlugin
2024-10-05 17:27:40,177 [INFO] PluginManager:220 - loadIPPluginJar : add dma
2024-10-05 17:27:40,226 [INFO] IPUIPlugin:80 - create IPUIPlugin
2024-10-05 17:27:40,226 [INFO] PluginManager:220 - loadIPPluginJar : add dma3
2024-10-05 17:27:40,275 [INFO] IPUIPlugin:80 - create IPUIPlugin
2024-10-05 17:27:40,275 [INFO] PluginManager:220 - loadIPPluginJar : add extmemmanager
2024-10-05 17:27:40,306 [INFO] IPUIPlugin:80 - create IPUIPlugin
2024-10-05 17:27:40,307 [INFO] PluginManager:220 - loadIPPluginJar : add fatfs
2024-10-05 17:27:40,359 [INFO] IPUIPlugin:80 - create IPUIPlugin
2024-10-05 17:27:40,359 [INFO] PluginManager:220 - loadIPPluginJar : add fmc
2024-10-05 17:27:40,375 [INFO] IPUIPlugin:80 - create IPUIPlugin
2024-10-05 17:27:40,375 [INFO] PluginManager:220 - loadIPPluginJar : add freertos
2024-10-05 17:27:40,399 [INFO] IPUIPlugin:80 - create IPUIPlugin
2024-10-05 17:27:40,399 [INFO] PluginManager:220 - loadIPPluginJar : add genericplugin
2024-10-05 17:27:40,514 [INFO] IPUIPlugin:80 - create IPUIPlugin
2024-10-05 17:27:40,515 [INFO] PluginManager:220 - loadIPPluginJar : add gfxmmu
2024-10-05 17:27:40,712 [INFO] IPUIPlugin:80 - create IPUIPlugin
2024-10-05 17:27:40,713 [INFO] PluginManager:220 - loadIPPluginJar : add gic
2024-10-05 17:27:40,727 [INFO] IPUIPlugin:80 - create IPUIPlugin
2024-10-05 17:27:40,727 [INFO] PluginManager:220 - loadIPPluginJar : add gpio
2024-10-05 17:27:40,851 [INFO] IPUIPlugin:80 - create IPUIPlugin
2024-10-05 17:27:40,852 [INFO] PluginManager:220 - loadIPPluginJar : add gtzc
2024-10-05 17:27:40,893 [INFO] IPUIPlugin:80 - create IPUIPlugin
2024-10-05 17:27:40,893 [INFO] PluginManager:220 - loadIPPluginJar : add hash
2024-10-05 17:27:40,949 [INFO] IPUIPlugin:80 - create IPUIPlugin
2024-10-05 17:27:40,949 [INFO] PluginManager:220 - loadIPPluginJar : add i2c
2024-10-05 17:27:40,989 [INFO] IPUIPlugin:80 - create IPUIPlugin
2024-10-05 17:27:40,990 [INFO] PluginManager:220 - loadIPPluginJar : add i2s
2024-10-05 17:27:41,038 [INFO] IPUIPlugin:80 - create IPUIPlugin
2024-10-05 17:27:41,038 [INFO] PluginManager:220 - loadIPPluginJar : add i3c
2024-10-05 17:27:41,150 [INFO] IPUIPlugin:80 - create IPUIPlugin
2024-10-05 17:27:41,151 [INFO] PluginManager:220 - loadIPPluginJar : add ipddr
2024-10-05 17:27:41,256 [INFO] IPUIPlugin:80 - create IPUIPlugin
2024-10-05 17:27:41,257 [INFO] PluginManager:220 - loadIPPluginJar : add linkedlist
2024-10-05 17:27:41,294 [INFO] IPUIPlugin:80 - create IPUIPlugin
2024-10-05 17:27:41,294 [INFO] PluginManager:220 - loadIPPluginJar : add lorawan
2024-10-05 17:27:41,336 [INFO] IPUIPlugin:80 - create IPUIPlugin
2024-10-05 17:27:41,336 [INFO] PluginManager:220 - loadIPPluginJar : add ltdc
2024-10-05 17:27:41,353 [INFO] IPUIPlugin:80 - create IPUIPlugin
2024-10-05 17:27:41,353 [INFO] PluginManager:220 - loadIPPluginJar : add mdma
2024-10-05 17:27:41,364 [INFO] IPUIPlugin:80 - create IPUIPlugin
2024-10-05 17:27:41,365 [INFO] PluginManager:220 - loadIPPluginJar : add nvic
2024-10-05 17:27:41,403 [INFO] IPUIPlugin:80 - create IPUIPlugin
2024-10-05 17:27:41,403 [INFO] PluginManager:220 - loadIPPluginJar : add opamp
2024-10-05 17:27:41,466 [INFO] IPUIPlugin:80 - create IPUIPlugin
2024-10-05 17:27:41,466 [INFO] PluginManager:220 - loadIPPluginJar : add openamp
2024-10-05 17:27:41,512 [INFO] IPUIPlugin:80 - create IPUIPlugin
2024-10-05 17:27:41,512 [INFO] PluginManager:220 - loadIPPluginJar : add pdm2pcm
2024-10-05 17:27:41,533 [INFO] IPUIPlugin:80 - create IPUIPlugin
2024-10-05 17:27:41,536 [INFO] PluginManager:220 - loadIPPluginJar : add plateformsettings
2024-10-05 17:27:41,560 [INFO] IPUIPlugin:80 - create IPUIPlugin
2024-10-05 17:27:41,560 [INFO] PluginManager:220 - loadIPPluginJar : add quadspi
2024-10-05 17:27:41,598 [INFO] IPUIPlugin:80 - create IPUIPlugin
2024-10-05 17:27:41,599 [INFO] PluginManager:220 - loadIPPluginJar : add radio
2024-10-05 17:27:41,614 [INFO] IPUIPlugin:80 - create IPUIPlugin
2024-10-05 17:27:41,614 [INFO] PluginManager:220 - loadIPPluginJar : add resmgrutility
2024-10-05 17:27:41,689 [INFO] IPUIPlugin:80 - create IPUIPlugin
2024-10-05 17:27:41,689 [INFO] PluginManager:220 - loadIPPluginJar : add sai
2024-10-05 17:27:41,741 [INFO] IPUIPlugin:80 - create IPUIPlugin
2024-10-05 17:27:41,742 [INFO] PluginManager:220 - loadIPPluginJar : add spi
2024-10-05 17:27:41,818 [INFO] IPUIPlugin:80 - create IPUIPlugin
2024-10-05 17:27:41,818 [INFO] PluginManager:220 - loadIPPluginJar : add stm32_wpan
2024-10-05 17:27:41,845 [INFO] IPUIPlugin:80 - create IPUIPlugin
2024-10-05 17:27:41,845 [INFO] PluginManager:220 - loadIPPluginJar : add tim
2024-10-05 17:27:41,912 [INFO] IPUIPlugin:80 - create IPUIPlugin
2024-10-05 17:27:41,913 [INFO] PluginManager:220 - loadIPPluginJar : add touchsensing
2024-10-05 17:27:41,940 [INFO] IPUIPlugin:80 - create IPUIPlugin
2024-10-05 17:27:41,940 [INFO] PluginManager:220 - loadIPPluginJar : add tracer_emb
2024-10-05 17:27:41,967 [INFO] IPUIPlugin:80 - create IPUIPlugin
2024-10-05 17:27:41,968 [INFO] PluginManager:220 - loadIPPluginJar : add ts
2024-10-05 17:27:41,992 [INFO] IPUIPlugin:80 - create IPUIPlugin
2024-10-05 17:27:41,992 [INFO] PluginManager:220 - loadIPPluginJar : add tsc
2024-10-05 17:27:42,020 [INFO] IPUIPlugin:80 - create IPUIPlugin
2024-10-05 17:27:42,020 [INFO] PluginManager:220 - loadIPPluginJar : add ucpd
2024-10-05 17:27:42,078 [INFO] IPUIPlugin:80 - create IPUIPlugin
2024-10-05 17:27:42,078 [INFO] PluginManager:220 - loadIPPluginJar : add usart
2024-10-05 17:27:42,132 [INFO] IPUIPlugin:80 - create IPUIPlugin
2024-10-05 17:27:42,133 [INFO] PluginManager:220 - loadIPPluginJar : add usbx
2024-10-05 17:27:42,284 [INFO] CADModel:165 - CPN selected for project level
2024-10-05 17:27:42,284 [INFO] CADModel:114 - Register for checkConnection events
2024-10-05 17:27:42,286 [FATAL] Updater:334 - Updater called before beeing initialized
2024-10-05 17:27:42,287 [ERROR] CADModel:125 - Updater not yet initialized, retry later 
2024-10-05 17:27:42,300 [INFO] ThirdPartyUpdaterWithRetryManager:70 - Updater plugin not ready yet. [2/15]
2024-10-05 17:27:42,437 [INFO] CADModel:165 - CPN selected for project level
2024-10-05 17:27:42,437 [INFO] CADModel:114 - Register for checkConnection events
2024-10-05 17:27:42,437 [FATAL] Updater:334 - Updater called before beeing initialized
2024-10-05 17:27:42,437 [ERROR] CADModel:125 - Updater not yet initialized, retry later 
2024-10-05 17:27:42,441 [FATAL] Updater:334 - Updater called before beeing initialized
2024-10-05 17:27:42,593 [FATAL] Updater:334 - Updater called before beeing initialized
2024-10-05 17:27:42,598 [INFO] DbMcusAds:53 - JSON generation date=Fri Sep 20 20:04:23 ICT 2024 (1726837463113)
2024-10-05 17:27:42,598 [FATAL] Updater:334 - Updater called before beeing initialized
2024-10-05 17:27:42,648 [WARN] DetailPanel:346 - Failed to get advertising image, set to default
2024-10-05 17:27:42,743 [FATAL] Updater:334 - Updater called before beeing initialized
2024-10-05 17:27:42,746 [FATAL] Updater:334 - Updater called before beeing initialized
2024-10-05 17:27:42,746 [FATAL] Updater:334 - Updater called before beeing initialized
2024-10-05 17:27:42,747 [WARN] DetailPanel:346 - Failed to get advertising image, set to default
2024-10-05 17:27:42,748 [FATAL] Updater:334 - Updater called before beeing initialized
2024-10-05 17:27:42,820 [ERROR] Updater:1164 - MainUpdater not yet initialized. External WinMGr cannot be set.
2024-10-05 17:27:42,823 [INFO] Updater:1100 - Updater Version found : 6.12.0
2024-10-05 17:27:42,849 [INFO] ApplicationProperties:184 - Using Application install path: D:\STM32\STM32CubeIDE_1.16.0\STM32CubeIDE\plugins\com.st.stm32cube.common.mx_6.12.0.202406281431
2024-10-05 17:27:42,852 [ERROR] MainUpdater:3345 - File does not exist
2024-10-05 17:27:44,439 [ERROR] LogOutputStream:75 - [STDERR_REDIRECT] Oct 05, 2024 5:27:44 PM java.util.prefs.WindowsPreferences <init>
2024-10-05 17:27:44,441 [ERROR] LogOutputStream:75 - [STDERR_REDIRECT] WARNING: Could not open/create prefs root node Software\JavaSoft\Prefs at root 0xffffffff80000002. Windows RegCreateKeyEx(...) returned error code 5.
2024-10-05 17:27:44,441 [ERROR] LogOutputStream:75 - [STDERR_REDIRECT] 
2024-10-05 17:27:44,481 [INFO] MainUpdater:526 - Copy updater definitions from MX database
2024-10-05 17:27:44,482 [ERROR] MainUpdater:5211 - Problem during Copy of File STMUpdaterDefinitions.xml[C:\Users\Asus\.stm32cubemx\plugins\updater\STMUpdaterDefinitions.xml: The process cannot access the file because it is being used by another process].
2024-10-05 17:27:44,878 [INFO] MainUpdater:2873 - connection check result : 10
2024-10-05 17:27:44,878 [INFO] MainUpdater:3567 - Updater definition file requires update
2024-10-05 17:27:44,879 [INFO] MainUpdater:290 - Updater Check For Update Now.
2024-10-05 17:27:44,879 [INFO] MicroXplorer:498 - Change Database Version : DB.6.0.120
2024-10-05 17:27:44,901 [INFO] McuFinderGlobals:63 - Set McuFinder mode to 2 (CubeIDE integrated)
2024-10-05 17:27:44,901 [INFO] UserAuth:179 - activating auth plugin
2024-10-05 17:27:44,904 [INFO] UserAuth:417 - Internet connection configuration mode: 1
2024-10-05 17:27:44,934 [INFO] JxBrowserEngine:152 - Initiate JxBrowser Engine with user profile folder
2024-10-05 17:27:44,947 [INFO] ServerAccessManage:473 - Download File updaters.zip
2024-10-05 17:27:45,089 [INFO] FileExtend:240 - Unzip File : updaters.zip
2024-10-05 17:27:45,089 [INFO] FileExtend:255 - Standard Zip Deflate
2024-10-05 17:27:45,304 [WARN] MainUpdater:1194 - Updater busy. Cannot search thirdparties
2024-10-05 17:27:45,307 [INFO] ThirdPartyUpdaterWithRetryManager:96 - Updater plugin is busy. [1/15]
2024-10-05 17:27:45,799 [INFO] ServerAccessManage:473 - Download File PacksControlFlags.xml
2024-10-05 17:27:45,921 [INFO] ServerAccessManage:473 - Download File cubemx.pidx
2024-10-05 17:27:46,732 [INFO] ServerAccessManage:473 - Download File STMicroelectronics.X-CUBE-IPS.pdsc
2024-10-05 17:27:47,784 [INFO] ServerAccessManage:473 - Download File STMicroelectronics.X-CUBE-WB05N.pdsc
2024-10-05 17:27:48,308 [WARN] MainUpdater:1194 - Updater busy. Cannot search thirdparties
2024-10-05 17:27:48,309 [INFO] ThirdPartyUpdaterWithRetryManager:96 - Updater plugin is busy. [2/15]
2024-10-05 17:27:48,534 [WARN] PackLoader:240 - Cannot read IP mode file for STMicroelectronics.X-CUBE-IPS.3.0.0
2024-10-05 17:27:48,571 [WARN] PackLoader:240 - Cannot read IP mode file for STMicroelectronics.X-CUBE-WB05N.1.1.0
2024-10-05 17:27:48,573 [INFO] PopulateThirdPartyThread:66 - Ending populate Thread
2024-10-05 17:27:48,576 [INFO] ThirdParty:1030 - CMSIS Pack Vendor :STMicroelectronics X-CUBE-IPS 3.0.0
2024-10-05 17:27:48,576 [INFO] ThirdParty:1030 - CMSIS Pack Vendor :STMicroelectronics X-CUBE-WB05N 1.1.0
2024-10-05 17:27:48,577 [INFO] LoadServerUpdatesThread:375 - End of LoadServerUpdate Thread
2024-10-05 17:27:48,651 [INFO] CheckServerUpdateThread:120 - End of CheckServer Thread
2024-10-05 17:27:49,121 [INFO] WebApp:167 - Instantiating new browser for Auth
2024-10-05 17:27:50,232 [INFO] WebApp:448 - Apply proxy settings
2024-10-05 17:27:50,232 [INFO] WebApp:533 - Chromium requires no authentication
2024-10-05 17:27:50,254 [INFO] WebApp:476 - Direct internet connection detected
2024-10-05 17:27:50,303 [INFO] WebApp:869 - Register for checkConnection events
2024-10-05 17:27:50,303 [INFO] WebApp:448 - Apply proxy settings
2024-10-05 17:27:50,303 [INFO] WebApp:533 - Chromium requires no authentication
2024-10-05 17:27:50,304 [INFO] WebApp:476 - Direct internet connection detected
2024-10-05 17:27:50,586 [INFO] WebApp:220 - Starting web application
2024-10-05 17:27:50,587 [INFO] WebApp:578 - Web application path used D:\STM32\STM32CubeIDE_1.16.0\STM32CubeIDE\plugins\com.st.stm32cube.common.mx_6.12.0.202406281431\db\plugins\mcufinder\reactClient1\index.html
2024-10-05 17:27:51,564 [WARN] PackLoader:240 - Cannot read IP mode file for STMicroelectronics.FP-SNS-MOTENVWB1.1.4.0
2024-10-05 17:27:51,663 [WARN] PackLoader:240 - Cannot read IP mode file for STMicroelectronics.X-CUBE-SMBUS.2.1.0
2024-10-05 17:27:51,670 [WARN] PackLoader:240 - Cannot read IP mode file for STMicroelectronics.X-CUBE-WB05N.1.1.0
2024-10-05 17:27:51,718 [WARN] PackLoader:240 - Cannot read IP mode file for STMicroelectronics.X-CUBE-AZRTOS-F7.1.1.0
2024-10-05 17:27:51,798 [WARN] PackLoader:240 - Cannot read IP mode file for STMicroelectronics.X-CUBE-MEMS1.11.0.0
2024-10-05 17:27:51,960 [WARN] PackLoader:240 - Cannot read IP mode file for STMicroelectronics.FP-SNS-FLIGHT1.5.0.2
2024-10-05 17:27:51,985 [WARN] PackLoader:240 - Cannot read IP mode file for STMicroelectronics.X-CUBE-DISPLAY.3.0.0
2024-10-05 17:27:52,009 [WARN] PackLoader:240 - Cannot read IP mode file for STMicroelectronics.X-CUBE-BLE1.7.0.0
2024-10-05 17:27:52,030 [WARN] PackLoader:240 - Cannot read IP mode file for STMicroelectronics.X-CUBE-NFC10.1.0.0
2024-10-05 17:27:52,055 [WARN] PackLoader:240 - Cannot read IP mode file for emotas.I-CUBE-CANOPEN.1.3.0
2024-10-05 17:27:52,084 [WARN] PackLoader:240 - Cannot read IP mode file for STMicroelectronics.X-CUBE-BLEMGR.3.1.0
2024-10-05 17:27:52,106 [WARN] PackLoader:240 - Cannot read IP mode file for STMicroelectronics.FP-SNS-SMARTAG2.1.2.0
2024-10-05 17:27:52,133 [INFO] LogOutputStream:77 - [STDOUT_REDIRECT] 1 : Invalid condition id : UX_CORESTACK_Condition cause : null
2024-10-05 17:27:52,135 [INFO] LogOutputStream:77 - [STDOUT_REDIRECT] 1 : Invalid condition id : UX_CORESTACK_Condition cause : null
2024-10-05 17:27:52,136 [INFO] LogOutputStream:77 - [STDOUT_REDIRECT] 1 : Invalid condition id : UX_CORESTACK_Condition cause : null
2024-10-05 17:27:52,137 [INFO] LogOutputStream:77 - [STDOUT_REDIRECT] 1 : Invalid condition id : UX_CORESTACK_Condition cause : null
2024-10-05 17:27:52,138 [INFO] LogOutputStream:77 - [STDOUT_REDIRECT] 1 : Invalid condition id : UX_CORESTACK_Condition cause : null
2024-10-05 17:27:52,140 [WARN] PackLoader:240 - Cannot read IP mode file for STMicroelectronics.X-CUBE-AZRTOS-WL.2.0.0
2024-10-05 17:27:52,158 [WARN] PackLoader:240 - Cannot read IP mode file for STMicroelectronics.FP-SNS-MOTENV1.5.0.0
2024-10-05 17:27:52,166 [WARN] PackLoader:240 - Cannot read IP mode file for wolfSSL.I-CUBE-wolfMQTT.1.19.0
2024-10-05 17:27:52,183 [WARN] PackLoader:240 - Cannot read IP mode file for WES.I-CUBE-Cesium.1.3.0
2024-10-05 17:27:52,201 [WARN] PackLoader:240 - Cannot read IP mode file for STMicroelectronics.X-CUBE-BLE2.3.3.0
2024-10-05 17:27:52,222 [WARN] PackLoader:240 - Cannot read IP mode file for STMicroelectronics.X-CUBE-NFC9.1.0.0
2024-10-05 17:27:52,242 [WARN] PackLoader:240 - Cannot read IP mode file for STMicroelectronics.X-CUBE-TCPP.4.1.0
2024-10-05 17:27:52,279 [WARN] PackLoader:240 - Cannot read IP mode file for STMicroelectronics.X-CUBE-AZRTOS-G0.1.1.0
2024-10-05 17:27:52,301 [WARN] PackLoader:240 - Cannot read IP mode file for STMicroelectronics.X-CUBE-SAFEA1.1.2.2
2024-10-05 17:27:52,318 [WARN] PackLoader:240 - Cannot read IP mode file for STMicroelectronics.X-CUBE-NFC4.3.0.0
2024-10-05 17:27:52,343 [WARN] PackLoader:240 - Cannot read IP mode file for EmbeddedOffice.I-CUBE-FS-RTOS.1.0.1
2024-10-05 17:27:52,344 [ERROR] ConditionMgr:805 - Attr not supported : Dmpu
2024-10-05 17:27:52,344 [ERROR] ConditionMgr:805 - Attr not supported : Dmpu
2024-10-05 17:27:52,344 [ERROR] ConditionMgr:805 - Attr not supported : Dmpu
2024-10-05 17:27:52,344 [ERROR] ConditionMgr:805 - Attr not supported : Dmpu
2024-10-05 17:27:52,344 [ERROR] ConditionMgr:805 - Attr not supported : Dmpu
2024-10-05 17:27:52,344 [ERROR] ConditionMgr:805 - Attr not supported : Dmpu
2024-10-05 17:27:52,344 [ERROR] ConditionMgr:805 - Attr not supported : Dmpu
2024-10-05 17:27:52,344 [ERROR] ConditionMgr:805 - Attr not supported : Dmpu
2024-10-05 17:27:52,344 [ERROR] ConditionMgr:805 - Attr not supported : Dmpu
2024-10-05 17:27:52,344 [ERROR] ConditionMgr:805 - Attr not supported : Dmpu
2024-10-05 17:27:52,344 [ERROR] ConditionMgr:805 - Attr not supported : Dmpu
2024-10-05 17:27:52,344 [ERROR] ConditionMgr:805 - Attr not supported : Dmpu
2024-10-05 17:27:52,344 [ERROR] ConditionMgr:805 - Attr not supported : Dmpu
2024-10-05 17:27:52,344 [ERROR] ConditionMgr:805 - Attr not supported : Dmpu
2024-10-05 17:27:52,344 [ERROR] ConditionMgr:805 - Attr not supported : Dmpu
2024-10-05 17:27:52,344 [ERROR] ConditionMgr:805 - Attr not supported : Dmpu
2024-10-05 17:27:52,344 [ERROR] ConditionMgr:805 - Attr not supported : Dmpu
2024-10-05 17:27:52,345 [ERROR] ConditionMgr:805 - Attr not supported : Dmpu
2024-10-05 17:27:52,346 [ERROR] ConditionMgr:805 - Attr not supported : Dmpu
2024-10-05 17:27:52,346 [ERROR] ConditionMgr:805 - Attr not supported : Dmpu
2024-10-05 17:27:52,346 [ERROR] ConditionMgr:805 - Attr not supported : Dmpu
2024-10-05 17:27:52,346 [ERROR] ConditionMgr:805 - Attr not supported : Dmpu
2024-10-05 17:27:52,346 [ERROR] ConditionMgr:805 - Attr not supported : Dmpu
2024-10-05 17:27:52,346 [ERROR] ConditionMgr:805 - Attr not supported : Dmpu
2024-10-05 17:27:52,346 [ERROR] ConditionMgr:805 - Attr not supported : Dmpu
2024-10-05 17:27:52,346 [ERROR] ConditionMgr:805 - Attr not supported : Dmpu
2024-10-05 17:27:52,346 [ERROR] ConditionMgr:805 - Attr not supported : Dmpu
2024-10-05 17:27:52,346 [ERROR] ConditionMgr:805 - Attr not supported : Dmpu
2024-10-05 17:27:52,346 [ERROR] ConditionMgr:805 - Attr not supported : Dmpu
2024-10-05 17:27:52,346 [ERROR] ConditionMgr:805 - Attr not supported : Dmpu
2024-10-05 17:27:52,346 [ERROR] ConditionMgr:805 - Attr not supported : Dmpu
2024-10-05 17:27:52,346 [ERROR] ConditionMgr:805 - Attr not supported : Dmpu
2024-10-05 17:27:52,347 [ERROR] ConditionMgr:805 - Attr not supported : Dmpu
2024-10-05 17:27:52,347 [ERROR] ConditionMgr:805 - Attr not supported : Dmpu
2024-10-05 17:27:52,347 [ERROR] ConditionMgr:805 - Attr not supported : Dmpu
2024-10-05 17:27:52,347 [ERROR] ConditionMgr:805 - Attr not supported : Dmpu
2024-10-05 17:27:52,347 [ERROR] ConditionMgr:805 - Attr not supported : Dmpu
2024-10-05 17:27:52,347 [ERROR] ConditionMgr:805 - Attr not supported : Dmpu
2024-10-05 17:27:52,347 [ERROR] ConditionMgr:805 - Attr not supported : Dmpu
2024-10-05 17:27:52,347 [ERROR] ConditionMgr:805 - Attr not supported : Dmpu
2024-10-05 17:27:52,347 [ERROR] ConditionMgr:805 - Attr not supported : Dmpu
2024-10-05 17:27:52,347 [ERROR] ConditionMgr:805 - Attr not supported : Dmpu
2024-10-05 17:27:52,347 [ERROR] ConditionMgr:805 - Attr not supported : Dmpu
2024-10-05 17:27:52,347 [ERROR] ConditionMgr:805 - Attr not supported : Dmpu
2024-10-05 17:27:52,347 [ERROR] ConditionMgr:805 - Attr not supported : Dmpu
2024-10-05 17:27:52,347 [ERROR] ConditionMgr:805 - Attr not supported : Dmpu
2024-10-05 17:27:52,347 [ERROR] ConditionMgr:805 - Attr not supported : Dmpu
2024-10-05 17:27:52,347 [ERROR] ConditionMgr:805 - Attr not supported : Dmpu
2024-10-05 17:27:52,347 [ERROR] ConditionMgr:805 - Attr not supported : Dmpu
2024-10-05 17:27:52,348 [ERROR] ConditionMgr:805 - Attr not supported : Dmpu
2024-10-05 17:27:52,348 [ERROR] ConditionMgr:805 - Attr not supported : Dmpu
2024-10-05 17:27:52,348 [ERROR] ConditionMgr:805 - Attr not supported : Dmpu
2024-10-05 17:27:52,348 [ERROR] ConditionMgr:805 - Attr not supported : Dmpu
2024-10-05 17:27:52,348 [ERROR] ConditionMgr:805 - Attr not supported : Dmpu
2024-10-05 17:27:52,348 [ERROR] ConditionMgr:805 - Attr not supported : Dmpu
2024-10-05 17:27:52,348 [ERROR] ConditionMgr:805 - Attr not supported : Dmpu
2024-10-05 17:27:52,348 [ERROR] ConditionMgr:805 - Attr not supported : Dmpu
2024-10-05 17:27:52,348 [ERROR] ConditionMgr:805 - Attr not supported : Dmpu
2024-10-05 17:27:52,348 [ERROR] ConditionMgr:805 - Attr not supported : Dmpu
2024-10-05 17:27:52,348 [ERROR] ConditionMgr:805 - Attr not supported : Dmpu
2024-10-05 17:27:52,348 [ERROR] ConditionMgr:805 - Attr not supported : Dmpu
2024-10-05 17:27:52,348 [ERROR] ConditionMgr:805 - Attr not supported : Dmpu
2024-10-05 17:27:52,348 [ERROR] ConditionMgr:805 - Attr not supported : Dmpu
2024-10-05 17:27:52,348 [ERROR] ConditionMgr:805 - Attr not supported : Dmpu
2024-10-05 17:27:52,367 [WARN] PackLoader:240 - Cannot read IP mode file for RealThread.X-CUBE-RT-Thread_Nano.4.1.1
2024-10-05 17:27:52,382 [WARN] PackLoader:240 - Cannot read IP mode file for STMicroelectronics.FP-ATR-SIGFOX1.3.2.0
2024-10-05 17:27:52,402 [WARN] PackLoader:240 - Cannot read IP mode file for wolfSSL.I-CUBE-wolfSSL.5.7.2
2024-10-05 17:27:52,422 [WARN] PackLoader:240 - Cannot read IP mode file for STMicroelectronics.X-CUBE-EEPRMA1.5.1.0
2024-10-05 17:27:52,451 [WARN] PackLoader:240 - Cannot read IP mode file for ITTIA_DB.I-CUBE-ITTIADB.8.9.0
2024-10-05 17:27:52,510 [WARN] PackLoader:240 - Cannot read IP mode file for SEGGER.I-CUBE-embOS.1.3.1
2024-10-05 17:27:52,575 [WARN] PackLoader:240 - Cannot read IP mode file for STMicroelectronics.X-CUBE-ALGOBUILD.1.4.0
2024-10-05 17:27:52,597 [WARN] PackLoader:240 - Cannot read IP mode file for STMicroelectronics.X-CUBE-AI.9.1.0
2024-10-05 17:27:52,622 [WARN] PackLoader:240 - Cannot read IP mode file for STMicroelectronics.X-CUBE-GNSS1.6.0.0
2024-10-05 17:27:52,671 [INFO] WebApp:186 - Connection restablished
2024-10-05 17:27:52,677 [WARN] PackLoader:240 - Cannot read IP mode file for STMicroelectronics.X-CUBE-AZRTOS-F4.1.1.0
2024-10-05 17:27:52,703 [WARN] PackLoader:240 - Cannot read IP mode file for STMicroelectronics.X-CUBE-ISPU.2.1.0
2024-10-05 17:27:52,732 [WARN] PackLoader:240 - Cannot read IP mode file for STMicroelectronics.X-CUBE-FREERTOS.1.2.0
2024-10-05 17:27:52,786 [WARN] PackLoader:240 - Cannot read IP mode file for STMicroelectronics.X-CUBE-AZRTOS-L5.2.0.0
2024-10-05 17:27:52,813 [WARN] PackLoader:240 - Cannot read IP mode file for STMicroelectronics.X-CUBE-NFC6.3.1.0
2024-10-05 17:27:52,843 [WARN] PackLoader:240 - Cannot read IP mode file for STMicroelectronics.X-CUBE-DPower.1.2.0
2024-10-05 17:27:52,869 [WARN] PackLoader:240 - Cannot read IP mode file for STMicroelectronics.X-CUBE-AI.9.0.0
2024-10-05 17:27:52,887 [WARN] PackLoader:240 - Cannot read IP mode file for STMicroelectronics.X-CUBE-NFC7.1.0.1
2024-10-05 17:27:52,935 [WARN] ConditionMgr:438 - getConditionDescription Invalid condition id : LAN8742 Phy interface Condition cause : null
2024-10-05 17:27:52,936 [WARN] PackLoader:240 - Cannot read IP mode file for STMicroelectronics.X-CUBE-AZRTOS-L4.2.0.0
2024-10-05 17:27:52,939 [WARN] ConditionMgr:1039 - genDependencies : Invalid condition id : LAN8742 Phy interface Condition cause : null
2024-10-05 17:27:52,939 [WARN] ConditionMgr:1039 - genDependencies : Invalid condition id : LAN8742 Phy interface Condition cause : null
2024-10-05 17:27:52,940 [WARN] ConditionMgr:1039 - genDependencies : Invalid condition id : LAN8742 Phy interface Condition cause : null
2024-10-05 17:27:52,964 [WARN] PackLoader:240 - Cannot read IP mode file for STMicroelectronics.X-CUBE-SFXS2LP1.4.0.0
2024-10-05 17:27:53,003 [WARN] PackLoader:240 - Cannot read IP mode file for STMicroelectronics.X-CUBE-AZRTOS-H7.3.3.0
2024-10-05 17:27:53,021 [WARN] PackLoader:240 - Cannot read IP mode file for STMicroelectronics.X-CUBE-IPS.3.0.0
2024-10-05 17:27:53,056 [WARN] ConditionMgr:438 - getConditionDescription Invalid condition id : UX DEVICE CLASS RTOS Condition cause : null
2024-10-05 17:27:53,057 [WARN] ConditionMgr:438 - getConditionDescription Invalid condition id : UX DEVICE CLASS RTOS Condition cause : null
2024-10-05 17:27:53,060 [WARN] PackLoader:240 - Cannot read IP mode file for STMicroelectronics.X-CUBE-AZRTOS-WB.2.0.0
2024-10-05 17:27:53,061 [WARN] ConditionMgr:1039 - genDependencies : Invalid condition id : UX DEVICE CLASS RTOS Condition cause : null
2024-10-05 17:27:53,061 [WARN] ConditionMgr:1039 - genDependencies : Invalid condition id : UX DEVICE CLASS RTOS Condition cause : null
2024-10-05 17:27:53,061 [WARN] ConditionMgr:1039 - genDependencies : Invalid condition id : UX DEVICE CLASS RTOS Condition cause : null
2024-10-05 17:27:53,062 [WARN] ConditionMgr:1039 - genDependencies : Invalid condition id : UX DEVICE CLASS RTOS Condition cause : null
2024-10-05 17:27:53,062 [WARN] ConditionMgr:1039 - genDependencies : Invalid condition id : UX DEVICE CLASS RTOS Condition cause : null
2024-10-05 17:27:53,085 [WARN] PackLoader:240 - Cannot read IP mode file for STMicroelectronics.X-CUBE-GNSS1.7.0.0
2024-10-05 17:27:53,112 [WARN] PackLoader:240 - Cannot read IP mode file for STMicroelectronics.FP-SNS-STBOX1.2.0.0
2024-10-05 17:27:53,144 [WARN] PackLoader:240 - Cannot read IP mode file for STMicroelectronics.X-CUBE-SUBG2.5.0.0
2024-10-05 17:27:53,158 [WARN] PackLoader:240 - Cannot read IP mode file for Cesanta.I-CUBE-Mongoose.7.13.0
2024-10-05 17:27:53,198 [WARN] PackLoader:240 - Cannot read IP mode file for STMicroelectronics.X-CUBE-AZRTOS-G4.2.0.0
2024-10-05 17:27:53,219 [WARN] PackLoader:240 - Cannot read IP mode file for STMicroelectronics.X-CUBE-ISPU.2.0.0
2024-10-05 17:27:53,243 [WARN] PackLoader:240 - Cannot read IP mode file for STMicroelectronics.X-CUBE-ALS.1.0.2
2024-10-05 17:27:53,268 [WARN] PackLoader:240 - Cannot read IP mode file for STMicroelectronics.X-CUBE-TOUCHGFX.4.24.0
2024-10-05 17:27:53,293 [WARN] PackLoader:240 - Cannot read IP mode file for STMicroelectronics.X-CUBE-TOUCHGFX.4.24.1
2024-10-05 17:27:53,299 [WARN] PackLoader:240 - Cannot read IP mode file for wolfSSL.I-CUBE-wolfTPM.3.4.0
2024-10-05 17:27:53,321 [WARN] PackLoader:240 - Cannot read IP mode file for portGmbH.I-Cube-SoM-uGOAL.1.1.0
2024-10-05 17:27:53,358 [WARN] PackLoader:240 - Cannot read IP mode file for STMicroelectronics.X-CUBE-AZRTOS-H7RS.1.0.0
2024-10-05 17:27:53,367 [WARN] PackLoader:240 - Cannot read IP mode file for STMicroelectronics.FP-ATR-ASTRA1.2.0.0
2024-10-05 17:27:53,392 [WARN] PackLoader:240 - Cannot read IP mode file for STMicroelectronics.X-CUBE-TOF1.3.4.2
2024-10-05 17:27:53,434 [WARN] PackLoader:240 - Cannot read IP mode file for Infineon.AIROC-Wi-Fi-Bluetooth-STM32.1.6.1
2024-10-05 17:27:53,443 [WARN] PackLoader:240 - Cannot read IP mode file for wolfSSL.I-CUBE-wolfSSH.1.4.17
2024-10-05 17:27:53,444 [INFO] ThirdParty:978 - Integrity check success = true
2024-10-05 17:27:53,444 [INFO] IntegrityCheckThread:100 - exiting critical section [integrity check]
2024-10-05 17:27:53,444 [INFO] IntegrityCheckThread:103 - End integrity checks thread
2024-10-05 17:29:18,308 [ERROR] LogOutputStream:75 - [STDERR_REDIRECT] 
2024-10-05 17:29:18,310 [ERROR] LogOutputStream:75 - [STDERR_REDIRECT] 
